[ 2016-11-14T00:00:30+08:00 ] 127.0.0.1 /ddEle/index.php/Home/Index/
INFO: [ app_init ] --START--
INFO: Run Behavior\BuildLiteBehavior [ RunTime:0.000000s ]
INFO: [ app_init ] --END-- [ RunTime:0.001000s ]
INFO: [ app_begin ] --START--
INFO: Run Behavior\ReadHtmlCacheBehavior [ RunTime:0.001000s ]
INFO: [ app_begin ] --END-- [ RunTime:0.001000s ]
SQL: SHOW COLUMNS FROM `category` [ RunTime:0.0010s ]
SQL: SHOW COLUMNS FROM `goods` [ RunTime:0.0010s ]
SQL: SHOW COLUMNS FROM `spu_sku` [ RunTime:0.0000s ]
SQL: SHOW COLUMNS FROM `goods` [ RunTime:0.0010s ]
SQL: SELECT `id`,`catname`,`pid`,`path` FROM `category`  [ RunTime:0.0000s ]
SQL: SELECT DISTINCT  bd.* FROM category cat INNER JOIN goods gd ON gd.catid=cat.id INNER JOIN goods_brand gdb on gdb.goodsid=gd.id  INNER JOIN brand bd on bd.id=gdb.brandid  WHERE ( cat.path like "0,1%" )  [ RunTime:0.0000s ]
SQL: SELECT DISTINCT  bd.* FROM category cat INNER JOIN goods gd ON gd.catid=cat.id INNER JOIN goods_brand gdb on gdb.goodsid=gd.id  INNER JOIN brand bd on bd.id=gdb.brandid  WHERE ( cat.path like "0,2%" )  [ RunTime:0.0010s ]
SQL: SELECT DISTINCT  bd.* FROM category cat INNER JOIN goods gd ON gd.catid=cat.id INNER JOIN goods_brand gdb on gdb.goodsid=gd.id  INNER JOIN brand bd on bd.id=gdb.brandid  WHERE ( cat.path like "0,3%" )  [ RunTime:0.0010s ]
SQL: SELECT DISTINCT  bd.* FROM category cat INNER JOIN goods gd ON gd.catid=cat.id INNER JOIN goods_brand gdb on gdb.goodsid=gd.id  INNER JOIN brand bd on bd.id=gdb.brandid  WHERE ( cat.path like "0,4%" )  [ RunTime:0.0000s ]
SQL: SELECT DISTINCT  `catid` FROM `goods`  [ RunTime:0.0000s ]
SQL: SELECT * FROM goods gd INNER JOIN spu_sku pk on pk.spuid=gd.id  WHERE ( catid =5 )  [ RunTime:0.0010s ]
SQL: SELECT * FROM goods gd INNER JOIN spu_sku pk on pk.spuid=gd.id  WHERE ( catid =7 )  [ RunTime:0.0010s ]
SQL: SELECT * FROM goods gd INNER JOIN spu_sku pk on pk.spuid=gd.id  WHERE ( catid =14 )  [ RunTime:0.0000s ]
SQL: select spuid ,max(salenumber) salenum from category cat inner join goods gd on gd.catid=cat.id inner join spu_sku pk on pk.spuid= gd.id inner join goodsdetail gdd on gdd.skuid = pk.skuid where cat.path like "0,1%" group by pk.spuid [ RunTime:0.0000s ]

[ 2016-11-14T00:01:53+08:00 ] 127.0.0.1 /ddEle/index.php/Home/Index/
INFO: [ app_init ] --START--
INFO: Run Behavior\BuildLiteBehavior [ RunTime:0.000000s ]
INFO: [ app_init ] --END-- [ RunTime:0.001000s ]
INFO: [ app_begin ] --START--
INFO: Run Behavior\ReadHtmlCacheBehavior [ RunTime:0.001000s ]
INFO: [ app_begin ] --END-- [ RunTime:0.001000s ]
SQL: SHOW COLUMNS FROM `category` [ RunTime:0.0000s ]
SQL: SHOW COLUMNS FROM `goods` [ RunTime:0.0000s ]
SQL: SHOW COLUMNS FROM `spu_sku` [ RunTime:0.0010s ]
SQL: SHOW COLUMNS FROM `goods` [ RunTime:0.0010s ]
SQL: SELECT `id`,`catname`,`pid`,`path` FROM `category`  [ RunTime:0.0000s ]
SQL: SELECT DISTINCT  bd.* FROM category cat INNER JOIN goods gd ON gd.catid=cat.id INNER JOIN goods_brand gdb on gdb.goodsid=gd.id  INNER JOIN brand bd on bd.id=gdb.brandid  WHERE ( cat.path like "0,1%" )  [ RunTime:0.0020s ]
SQL: SELECT DISTINCT  bd.* FROM category cat INNER JOIN goods gd ON gd.catid=cat.id INNER JOIN goods_brand gdb on gdb.goodsid=gd.id  INNER JOIN brand bd on bd.id=gdb.brandid  WHERE ( cat.path like "0,2%" )  [ RunTime:0.0000s ]
SQL: SELECT DISTINCT  bd.* FROM category cat INNER JOIN goods gd ON gd.catid=cat.id INNER JOIN goods_brand gdb on gdb.goodsid=gd.id  INNER JOIN brand bd on bd.id=gdb.brandid  WHERE ( cat.path like "0,3%" )  [ RunTime:0.0000s ]
SQL: SELECT DISTINCT  bd.* FROM category cat INNER JOIN goods gd ON gd.catid=cat.id INNER JOIN goods_brand gdb on gdb.goodsid=gd.id  INNER JOIN brand bd on bd.id=gdb.brandid  WHERE ( cat.path like "0,4%" )  [ RunTime:0.0000s ]
SQL: SELECT DISTINCT  `catid` FROM `goods`  [ RunTime:0.0000s ]
SQL: SELECT * FROM goods gd INNER JOIN spu_sku pk on pk.spuid=gd.id  WHERE ( catid =5 )  [ RunTime:0.0000s ]
SQL: SELECT * FROM goods gd INNER JOIN spu_sku pk on pk.spuid=gd.id  WHERE ( catid =7 )  [ RunTime:0.0000s ]
SQL: SELECT * FROM goods gd INNER JOIN spu_sku pk on pk.spuid=gd.id  WHERE ( catid =14 )  [ RunTime:0.0010s ]
SQL: select spuid ,max(salenumber) salenum from category cat inner join goods gd on gd.catid=cat.id inner join spu_sku pk on pk.spuid= gd.id inner join goodsdetail gdd on gdd.skuid = pk.skuid where cat.path like "0,1%" group by pk.spuid [ RunTime:0.0010s ]
SQL: select * from category cat inner join goods gd on gd.catid=cat.id inner join spu_sku pk on pk.spuid= gd.id inner join goodsdetail gdd on gdd.skuid = pk.skuid where pk.spuid=1 and gdd.salenumber=1000 [ RunTime:0.0000s ]
SQL: select * from category cat inner join goods gd on gd.catid=cat.id inner join spu_sku pk on pk.spuid= gd.id inner join goodsdetail gdd on gdd.skuid = pk.skuid where pk.spuid=2 and gdd.salenumber=3000 [ RunTime:0.0010s ]
SQL: select * from category cat inner join goods gd on gd.catid=cat.id inner join spu_sku pk on pk.spuid= gd.id inner join goodsdetail gdd on gdd.skuid = pk.skuid where pk.spuid=3 and gdd.salenumber=111 [ RunTime:0.0000s ]
SQL: select * from category cat inner join goods gd on gd.catid=cat.id inner join spu_sku pk on pk.spuid= gd.id inner join goodsdetail gdd on gdd.skuid = pk.skuid where pk.spuid=5 and gdd.salenumber=1 [ RunTime:0.0000s ]
ERR: 1064:You have an error in your SQL syntax; check the manual that corresponds to your MySQL server version for the right syntax to use near '' at line 1
 [ SQL语句 ] : select * from category cat inner join goods gd on gd.catid=cat.id inner join spu_sku pk on pk.spuid= gd.id inner join goodsdetail gdd on gdd.skuid = pk.skuid where pk.spuid=13 and gdd.salenumber=
ERR: 1064:You have an error in your SQL syntax; check the manual that corresponds to your MySQL server version for the right syntax to use near '' at line 1
 [ SQL语句 ] : select * from category cat inner join goods gd on gd.catid=cat.id inner join spu_sku pk on pk.spuid= gd.id inner join goodsdetail gdd on gdd.skuid = pk.skuid where pk.spuid=13 and gdd.salenumber=

[ 2016-11-14T00:03:39+08:00 ] 127.0.0.1 /ddEle/index.php/Home/Index/
INFO: [ app_init ] --START--
INFO: Run Behavior\BuildLiteBehavior [ RunTime:0.000000s ]
INFO: [ app_init ] --END-- [ RunTime:0.000000s ]
INFO: [ app_begin ] --START--
INFO: Run Behavior\ReadHtmlCacheBehavior [ RunTime:0.000000s ]
INFO: [ app_begin ] --END-- [ RunTime:0.001000s ]
SQL: SHOW COLUMNS FROM `category` [ RunTime:0.0010s ]
SQL: SHOW COLUMNS FROM `goods` [ RunTime:0.0010s ]
SQL: SHOW COLUMNS FROM `spu_sku` [ RunTime:0.0010s ]
SQL: SHOW COLUMNS FROM `goods` [ RunTime:0.0000s ]
SQL: SELECT `id`,`catname`,`pid`,`path` FROM `category`  [ RunTime:0.0000s ]
SQL: SELECT DISTINCT  bd.* FROM category cat INNER JOIN goods gd ON gd.catid=cat.id INNER JOIN goods_brand gdb on gdb.goodsid=gd.id  INNER JOIN brand bd on bd.id=gdb.brandid  WHERE ( cat.path like "0,1%" )  [ RunTime:0.0010s ]
SQL: SELECT DISTINCT  bd.* FROM category cat INNER JOIN goods gd ON gd.catid=cat.id INNER JOIN goods_brand gdb on gdb.goodsid=gd.id  INNER JOIN brand bd on bd.id=gdb.brandid  WHERE ( cat.path like "0,2%" )  [ RunTime:0.0010s ]
SQL: SELECT DISTINCT  bd.* FROM category cat INNER JOIN goods gd ON gd.catid=cat.id INNER JOIN goods_brand gdb on gdb.goodsid=gd.id  INNER JOIN brand bd on bd.id=gdb.brandid  WHERE ( cat.path like "0,3%" )  [ RunTime:0.0010s ]
SQL: SELECT DISTINCT  bd.* FROM category cat INNER JOIN goods gd ON gd.catid=cat.id INNER JOIN goods_brand gdb on gdb.goodsid=gd.id  INNER JOIN brand bd on bd.id=gdb.brandid  WHERE ( cat.path like "0,4%" )  [ RunTime:0.0000s ]
SQL: SELECT DISTINCT  `catid` FROM `goods`  [ RunTime:0.0000s ]
SQL: SELECT * FROM goods gd INNER JOIN spu_sku pk on pk.spuid=gd.id  WHERE ( catid =5 )  [ RunTime:0.0000s ]
SQL: SELECT * FROM goods gd INNER JOIN spu_sku pk on pk.spuid=gd.id  WHERE ( catid =7 )  [ RunTime:0.0000s ]
SQL: SELECT * FROM goods gd INNER JOIN spu_sku pk on pk.spuid=gd.id  WHERE ( catid =14 )  [ RunTime:0.0000s ]
SQL: select spuid ,max(salenumber) salenum from category cat inner join goods gd on gd.catid=cat.id inner join spu_sku pk on pk.spuid= gd.id inner join goodsdetail gdd on gdd.skuid = pk.skuid where cat.path like "0,1%" group by pk.spuid [ RunTime:0.0000s ]

[ 2016-11-14T00:04:02+08:00 ] 127.0.0.1 /ddEle/index.php/Home/Index/
INFO: [ app_init ] --START--
INFO: Run Behavior\BuildLiteBehavior [ RunTime:0.000000s ]
INFO: [ app_init ] --END-- [ RunTime:0.001000s ]
INFO: [ app_begin ] --START--
INFO: Run Behavior\ReadHtmlCacheBehavior [ RunTime:0.000000s ]
INFO: [ app_begin ] --END-- [ RunTime:0.000000s ]
SQL: SHOW COLUMNS FROM `category` [ RunTime:0.0010s ]
SQL: SHOW COLUMNS FROM `goods` [ RunTime:0.0010s ]
SQL: SHOW COLUMNS FROM `spu_sku` [ RunTime:0.0010s ]
SQL: SHOW COLUMNS FROM `goods` [ RunTime:0.0000s ]
SQL: SELECT `id`,`catname`,`pid`,`path` FROM `category`  [ RunTime:0.0000s ]
SQL: SELECT DISTINCT  bd.* FROM category cat INNER JOIN goods gd ON gd.catid=cat.id INNER JOIN goods_brand gdb on gdb.goodsid=gd.id  INNER JOIN brand bd on bd.id=gdb.brandid  WHERE ( cat.path like "0,1%" )  [ RunTime:0.0000s ]
SQL: SELECT DISTINCT  bd.* FROM category cat INNER JOIN goods gd ON gd.catid=cat.id INNER JOIN goods_brand gdb on gdb.goodsid=gd.id  INNER JOIN brand bd on bd.id=gdb.brandid  WHERE ( cat.path like "0,2%" )  [ RunTime:0.0010s ]
SQL: SELECT DISTINCT  bd.* FROM category cat INNER JOIN goods gd ON gd.catid=cat.id INNER JOIN goods_brand gdb on gdb.goodsid=gd.id  INNER JOIN brand bd on bd.id=gdb.brandid  WHERE ( cat.path like "0,3%" )  [ RunTime:0.0010s ]
SQL: SELECT DISTINCT  bd.* FROM category cat INNER JOIN goods gd ON gd.catid=cat.id INNER JOIN goods_brand gdb on gdb.goodsid=gd.id  INNER JOIN brand bd on bd.id=gdb.brandid  WHERE ( cat.path like "0,4%" )  [ RunTime:0.0000s ]
SQL: SELECT DISTINCT  `catid` FROM `goods`  [ RunTime:0.0010s ]
SQL: SELECT * FROM goods gd INNER JOIN spu_sku pk on pk.spuid=gd.id  WHERE ( catid =5 )  [ RunTime:0.0010s ]
SQL: SELECT * FROM goods gd INNER JOIN spu_sku pk on pk.spuid=gd.id  WHERE ( catid =7 )  [ RunTime:0.0000s ]
SQL: SELECT * FROM goods gd INNER JOIN spu_sku pk on pk.spuid=gd.id  WHERE ( catid =14 )  [ RunTime:0.0000s ]
SQL: select spuid ,max(salenumber) salenum from category cat inner join goods gd on gd.catid=cat.id inner join spu_sku pk on pk.spuid= gd.id inner join goodsdetail gdd on gdd.skuid = pk.skuid where cat.path like "0,1%" group by pk.spuid [ RunTime:0.0010s ]

[ 2016-11-14T00:04:16+08:00 ] 127.0.0.1 /ddEle/index.php/Home/Index/
INFO: [ app_init ] --START--
INFO: Run Behavior\BuildLiteBehavior [ RunTime:0.000000s ]
INFO: [ app_init ] --END-- [ RunTime:0.001000s ]
INFO: [ app_begin ] --START--
INFO: Run Behavior\ReadHtmlCacheBehavior [ RunTime:0.000000s ]
INFO: [ app_begin ] --END-- [ RunTime:0.001000s ]
SQL: SHOW COLUMNS FROM `category` [ RunTime:0.0010s ]
SQL: SHOW COLUMNS FROM `goods` [ RunTime:0.0010s ]
SQL: SHOW COLUMNS FROM `spu_sku` [ RunTime:0.0000s ]

[ 2016-11-14T00:04:31+08:00 ] 127.0.0.1 /ddEle/index.php/Home/Index/
INFO: [ app_init ] --START--
INFO: Run Behavior\BuildLiteBehavior [ RunTime:0.000000s ]
INFO: [ app_init ] --END-- [ RunTime:0.005001s ]
INFO: [ app_begin ] --START--
INFO: Run Behavior\ReadHtmlCacheBehavior [ RunTime:0.001000s ]
INFO: [ app_begin ] --END-- [ RunTime:0.001000s ]
SQL: SHOW COLUMNS FROM `category` [ RunTime:0.0010s ]
SQL: SHOW COLUMNS FROM `goods` [ RunTime:0.0010s ]
SQL: SHOW COLUMNS FROM `spu_sku` [ RunTime:0.0010s ]
SQL: SHOW COLUMNS FROM `goods` [ RunTime:0.0010s ]
SQL: SELECT `id`,`catname`,`pid`,`path` FROM `category`  [ RunTime:0.0000s ]
SQL: SELECT DISTINCT  bd.* FROM category cat INNER JOIN goods gd ON gd.catid=cat.id INNER JOIN goods_brand gdb on gdb.goodsid=gd.id  INNER JOIN brand bd on bd.id=gdb.brandid  WHERE ( cat.path like "0,1%" )  [ RunTime:0.0010s ]
SQL: SELECT DISTINCT  bd.* FROM category cat INNER JOIN goods gd ON gd.catid=cat.id INNER JOIN goods_brand gdb on gdb.goodsid=gd.id  INNER JOIN brand bd on bd.id=gdb.brandid  WHERE ( cat.path like "0,2%" )  [ RunTime:0.0010s ]
SQL: SELECT DISTINCT  bd.* FROM category cat INNER JOIN goods gd ON gd.catid=cat.id INNER JOIN goods_brand gdb on gdb.goodsid=gd.id  INNER JOIN brand bd on bd.id=gdb.brandid  WHERE ( cat.path like "0,3%" )  [ RunTime:0.0010s ]
SQL: SELECT DISTINCT  bd.* FROM category cat INNER JOIN goods gd ON gd.catid=cat.id INNER JOIN goods_brand gdb on gdb.goodsid=gd.id  INNER JOIN brand bd on bd.id=gdb.brandid  WHERE ( cat.path like "0,4%" )  [ RunTime:0.0000s ]
SQL: SELECT DISTINCT  `catid` FROM `goods`  [ RunTime:0.0000s ]
SQL: SELECT * FROM goods gd INNER JOIN spu_sku pk on pk.spuid=gd.id  WHERE ( catid =5 )  [ RunTime:0.0010s ]
SQL: SELECT * FROM goods gd INNER JOIN spu_sku pk on pk.spuid=gd.id  WHERE ( catid =7 )  [ RunTime:0.0000s ]
SQL: SELECT * FROM goods gd INNER JOIN spu_sku pk on pk.spuid=gd.id  WHERE ( catid =14 )  [ RunTime:0.0000s ]
SQL: select spuid ,max(salenumber) salenum from category cat inner join goods gd on gd.catid=cat.id inner join spu_sku pk on pk.spuid= gd.id inner join goodsdetail gdd on gdd.skuid = pk.skuid where cat.path like "0,1%" group by pk.spuid [ RunTime:0.0010s ]
SQL: select * from category cat inner join goods gd on gd.catid=cat.id inner join spu_sku pk on pk.spuid= gd.id inner join goodsdetail gdd on gdd.skuid = pk.skuid where pk.spuid=1 and gdd.salenumber=1000 [ RunTime:0.0010s ]
SQL: select * from category cat inner join goods gd on gd.catid=cat.id inner join spu_sku pk on pk.spuid= gd.id inner join goodsdetail gdd on gdd.skuid = pk.skuid where pk.spuid=2 and gdd.salenumber=3000 [ RunTime:0.0000s ]
SQL: select * from category cat inner join goods gd on gd.catid=cat.id inner join spu_sku pk on pk.spuid= gd.id inner join goodsdetail gdd on gdd.skuid = pk.skuid where pk.spuid=3 and gdd.salenumber=111 [ RunTime:0.0000s ]
SQL: select * from category cat inner join goods gd on gd.catid=cat.id inner join spu_sku pk on pk.spuid= gd.id inner join goodsdetail gdd on gdd.skuid = pk.skuid where pk.spuid=5 and gdd.salenumber=1 [ RunTime:0.0000s ]
SQL: select * from category cat inner join goods gd on gd.catid=cat.id inner join spu_sku pk on pk.spuid= gd.id inner join goodsdetail gdd on gdd.skuid = pk.skuid where pk.spuid=13 and gdd.salenumber=0 [ RunTime:0.0000s ]

[ 2016-11-14T00:06:43+08:00 ] 127.0.0.1 /ddEle/index.php/Home/Index/
INFO: [ app_init ] --START--
INFO: Run Behavior\BuildLiteBehavior [ RunTime:0.000000s ]
INFO: [ app_init ] --END-- [ RunTime:0.001000s ]
INFO: [ app_begin ] --START--
INFO: Run Behavior\ReadHtmlCacheBehavior [ RunTime:0.001000s ]
INFO: [ app_begin ] --END-- [ RunTime:0.002000s ]

[ 2016-11-14T00:06:58+08:00 ] 127.0.0.1 /ddEle/index.php/Home/Index/
INFO: [ app_init ] --START--
INFO: Run Behavior\BuildLiteBehavior [ RunTime:0.001000s ]
INFO: [ app_init ] --END-- [ RunTime:0.001000s ]
INFO: [ app_begin ] --START--
INFO: Run Behavior\ReadHtmlCacheBehavior [ RunTime:0.001000s ]
INFO: [ app_begin ] --END-- [ RunTime:0.001000s ]
SQL: SHOW COLUMNS FROM `category` [ RunTime:0.0010s ]
SQL: SHOW COLUMNS FROM `goods` [ RunTime:0.0000s ]
SQL: SHOW COLUMNS FROM `spu_sku` [ RunTime:0.0010s ]
SQL: SHOW COLUMNS FROM `goods` [ RunTime:0.0010s ]
SQL: SELECT `id`,`catname`,`pid`,`path` FROM `category`  [ RunTime:0.0010s ]
SQL: SELECT DISTINCT  bd.* FROM category cat INNER JOIN goods gd ON gd.catid=cat.id INNER JOIN goods_brand gdb on gdb.goodsid=gd.id  INNER JOIN brand bd on bd.id=gdb.brandid  WHERE ( cat.path like "0,1%" )  [ RunTime:0.0010s ]
SQL: select spuid ,max(salenumber) salenum from category cat inner join goods gd on gd.catid=cat.id inner join spu_sku pk on pk.spuid= gd.id inner join goodsdetail gdd on gdd.skuid = pk.skuid where cat.path like "0,1%" group by pk.spuid [ RunTime:0.0010s ]
SQL: select * from category cat inner join goods gd on gd.catid=cat.id inner join spu_sku pk on pk.spuid= gd.id inner join goodsdetail gdd on gdd.skuid = pk.skuid where pk.spuid=1 and gdd.salenumber=1000 [ RunTime:0.0010s ]
SQL: select * from category cat inner join goods gd on gd.catid=cat.id inner join spu_sku pk on pk.spuid= gd.id inner join goodsdetail gdd on gdd.skuid = pk.skuid where pk.spuid=2 and gdd.salenumber=3000 [ RunTime:0.0000s ]
SQL: select * from category cat inner join goods gd on gd.catid=cat.id inner join spu_sku pk on pk.spuid= gd.id inner join goodsdetail gdd on gdd.skuid = pk.skuid where pk.spuid=3 and gdd.salenumber=111 [ RunTime:0.0000s ]
SQL: select * from category cat inner join goods gd on gd.catid=cat.id inner join spu_sku pk on pk.spuid= gd.id inner join goodsdetail gdd on gdd.skuid = pk.skuid where pk.spuid=5 and gdd.salenumber=1 [ RunTime:0.0010s ]
SQL: select * from category cat inner join goods gd on gd.catid=cat.id inner join spu_sku pk on pk.spuid= gd.id inner join goodsdetail gdd on gdd.skuid = pk.skuid where pk.spuid=13 and gdd.salenumber=0 [ RunTime:0.0000s ]
SQL: SELECT DISTINCT  bd.* FROM category cat INNER JOIN goods gd ON gd.catid=cat.id INNER JOIN goods_brand gdb on gdb.goodsid=gd.id  INNER JOIN brand bd on bd.id=gdb.brandid  WHERE ( cat.path like "0,2%" )  [ RunTime:0.0000s ]
SQL: select spuid ,max(salenumber) salenum from category cat inner join goods gd on gd.catid=cat.id inner join spu_sku pk on pk.spuid= gd.id inner join goodsdetail gdd on gdd.skuid = pk.skuid where cat.path like "0,2%" group by pk.spuid [ RunTime:0.0010s ]
SQL: SELECT DISTINCT  bd.* FROM category cat INNER JOIN goods gd ON gd.catid=cat.id INNER JOIN goods_brand gdb on gdb.goodsid=gd.id  INNER JOIN brand bd on bd.id=gdb.brandid  WHERE ( cat.path like "0,3%" )  [ RunTime:0.0010s ]
SQL: select spuid ,max(salenumber) salenum from category cat inner join goods gd on gd.catid=cat.id inner join spu_sku pk on pk.spuid= gd.id inner join goodsdetail gdd on gdd.skuid = pk.skuid where cat.path like "0,3%" group by pk.spuid [ RunTime:0.0000s ]
SQL: SELECT DISTINCT  bd.* FROM category cat INNER JOIN goods gd ON gd.catid=cat.id INNER JOIN goods_brand gdb on gdb.goodsid=gd.id  INNER JOIN brand bd on bd.id=gdb.brandid  WHERE ( cat.path like "0,4%" )  [ RunTime:0.0010s ]
SQL: select spuid ,max(salenumber) salenum from category cat inner join goods gd on gd.catid=cat.id inner join spu_sku pk on pk.spuid= gd.id inner join goodsdetail gdd on gdd.skuid = pk.skuid where cat.path like "0,4%" group by pk.spuid [ RunTime:0.0010s ]

[ 2016-11-14T00:08:29+08:00 ] 127.0.0.1 /ddEle/index.php/Home/Index/
INFO: [ app_init ] --START--
INFO: Run Behavior\BuildLiteBehavior [ RunTime:0.000000s ]
INFO: [ app_init ] --END-- [ RunTime:0.001000s ]
INFO: [ app_begin ] --START--
INFO: Run Behavior\ReadHtmlCacheBehavior [ RunTime:0.001000s ]
INFO: [ app_begin ] --END-- [ RunTime:0.001000s ]
SQL: SHOW COLUMNS FROM `category` [ RunTime:0.0010s ]
SQL: SHOW COLUMNS FROM `goods` [ RunTime:0.0010s ]
SQL: SHOW COLUMNS FROM `spu_sku` [ RunTime:0.0000s ]
SQL: SHOW COLUMNS FROM `goods` [ RunTime:0.0000s ]
SQL: SELECT `id`,`catname`,`pid`,`path` FROM `category`  [ RunTime:0.0000s ]
SQL: SELECT DISTINCT  bd.* FROM category cat INNER JOIN goods gd ON gd.catid=cat.id INNER JOIN goods_brand gdb on gdb.goodsid=gd.id  INNER JOIN brand bd on bd.id=gdb.brandid  WHERE ( cat.path like "0,1%" )  [ RunTime:0.0010s ]
SQL: select spuid ,max(salenumber) salenum from category cat inner join goods gd on gd.catid=cat.id inner join spu_sku pk on pk.spuid= gd.id inner join goodsdetail gdd on gdd.skuid = pk.skuid where cat.path like "0,1%" group by pk.spuid [ RunTime:0.0000s ]
SQL: select * from category cat inner join goods gd on gd.catid=cat.id inner join spu_sku pk on pk.spuid= gd.id inner join goodsdetail gdd on gdd.skuid = pk.skuid where pk.spuid=1 and gdd.salenumber=1000 [ RunTime:0.0000s ]
SQL: select * from category cat inner join goods gd on gd.catid=cat.id inner join spu_sku pk on pk.spuid= gd.id inner join goodsdetail gdd on gdd.skuid = pk.skuid where pk.spuid=2 and gdd.salenumber=3000 [ RunTime:0.0010s ]
SQL: select * from category cat inner join goods gd on gd.catid=cat.id inner join spu_sku pk on pk.spuid= gd.id inner join goodsdetail gdd on gdd.skuid = pk.skuid where pk.spuid=3 and gdd.salenumber=111 [ RunTime:0.0010s ]
SQL: select * from category cat inner join goods gd on gd.catid=cat.id inner join spu_sku pk on pk.spuid= gd.id inner join goodsdetail gdd on gdd.skuid = pk.skuid where pk.spuid=5 and gdd.salenumber=1 [ RunTime:0.0000s ]
SQL: select * from category cat inner join goods gd on gd.catid=cat.id inner join spu_sku pk on pk.spuid= gd.id inner join goodsdetail gdd on gdd.skuid = pk.skuid where pk.spuid=13 and gdd.salenumber=0 [ RunTime:0.0000s ]
SQL: SELECT DISTINCT  bd.* FROM category cat INNER JOIN goods gd ON gd.catid=cat.id INNER JOIN goods_brand gdb on gdb.goodsid=gd.id  INNER JOIN brand bd on bd.id=gdb.brandid  WHERE ( cat.path like "0,2%" )  [ RunTime:0.0010s ]
SQL: select spuid ,max(salenumber) salenum from category cat inner join goods gd on gd.catid=cat.id inner join spu_sku pk on pk.spuid= gd.id inner join goodsdetail gdd on gdd.skuid = pk.skuid where cat.path like "0,2%" group by pk.spuid [ RunTime:0.0000s ]
SQL: SELECT DISTINCT  bd.* FROM category cat INNER JOIN goods gd ON gd.catid=cat.id INNER JOIN goods_brand gdb on gdb.goodsid=gd.id  INNER JOIN brand bd on bd.id=gdb.brandid  WHERE ( cat.path like "0,3%" )  [ RunTime:0.0000s ]
SQL: select spuid ,max(salenumber) salenum from category cat inner join goods gd on gd.catid=cat.id inner join spu_sku pk on pk.spuid= gd.id inner join goodsdetail gdd on gdd.skuid = pk.skuid where cat.path like "0,3%" group by pk.spuid [ RunTime:0.0010s ]
SQL: SELECT DISTINCT  bd.* FROM category cat INNER JOIN goods gd ON gd.catid=cat.id INNER JOIN goods_brand gdb on gdb.goodsid=gd.id  INNER JOIN brand bd on bd.id=gdb.brandid  WHERE ( cat.path like "0,4%" )  [ RunTime:0.0000s ]
SQL: select spuid ,max(salenumber) salenum from category cat inner join goods gd on gd.catid=cat.id inner join spu_sku pk on pk.spuid= gd.id inner join goodsdetail gdd on gdd.skuid = pk.skuid where cat.path like "0,4%" group by pk.spuid [ RunTime:0.0000s ]
NOTIC: [8] Undefined variable: dump C:\wamp\www\ddEle\Application\Home\Controller\IndexController.class.php 第 41 行.

[ 2016-11-14T00:10:22+08:00 ] 127.0.0.1 /ddEle/index.php/Home/Index/
INFO: [ app_init ] --START--
INFO: Run Behavior\BuildLiteBehavior [ RunTime:0.000000s ]
INFO: [ app_init ] --END-- [ RunTime:0.001000s ]
INFO: [ app_begin ] --START--
INFO: Run Behavior\ReadHtmlCacheBehavior [ RunTime:0.001000s ]
INFO: [ app_begin ] --END-- [ RunTime:0.001000s ]
SQL: SHOW COLUMNS FROM `category` [ RunTime:0.0010s ]
SQL: SHOW COLUMNS FROM `goods` [ RunTime:0.0010s ]
SQL: SHOW COLUMNS FROM `spu_sku` [ RunTime:0.0010s ]
SQL: SHOW COLUMNS FROM `goods` [ RunTime:0.0010s ]
SQL: SELECT `id`,`catname`,`pid`,`path` FROM `category`  [ RunTime:0.0000s ]
SQL: SELECT DISTINCT  bd.* FROM category cat INNER JOIN goods gd ON gd.catid=cat.id INNER JOIN goods_brand gdb on gdb.goodsid=gd.id  INNER JOIN brand bd on bd.id=gdb.brandid  WHERE ( cat.path like "0,1%" )  [ RunTime:0.0010s ]
SQL: select spuid ,max(salenumber) salenum from category cat inner join goods gd on gd.catid=cat.id inner join spu_sku pk on pk.spuid= gd.id inner join goodsdetail gdd on gdd.skuid = pk.skuid where cat.path like "0,1%" group by pk.spuid [ RunTime:0.0010s ]
SQL: select * from category cat inner join goods gd on gd.catid=cat.id inner join spu_sku pk on pk.spuid= gd.id inner join goodsdetail gdd on gdd.skuid = pk.skuid where pk.spuid=1 and gdd.salenumber=1000 [ RunTime:0.0010s ]
SQL: select * from category cat inner join goods gd on gd.catid=cat.id inner join spu_sku pk on pk.spuid= gd.id inner join goodsdetail gdd on gdd.skuid = pk.skuid where pk.spuid=2 and gdd.salenumber=3000 [ RunTime:0.0000s ]
SQL: select * from category cat inner join goods gd on gd.catid=cat.id inner join spu_sku pk on pk.spuid= gd.id inner join goodsdetail gdd on gdd.skuid = pk.skuid where pk.spuid=3 and gdd.salenumber=111 [ RunTime:0.0000s ]
SQL: select * from category cat inner join goods gd on gd.catid=cat.id inner join spu_sku pk on pk.spuid= gd.id inner join goodsdetail gdd on gdd.skuid = pk.skuid where pk.spuid=5 and gdd.salenumber=1 [ RunTime:0.0010s ]
SQL: select * from category cat inner join goods gd on gd.catid=cat.id inner join spu_sku pk on pk.spuid= gd.id inner join goodsdetail gdd on gdd.skuid = pk.skuid where pk.spuid=13 and gdd.salenumber=0 [ RunTime:0.0000s ]
SQL: SELECT DISTINCT  bd.* FROM category cat INNER JOIN goods gd ON gd.catid=cat.id INNER JOIN goods_brand gdb on gdb.goodsid=gd.id  INNER JOIN brand bd on bd.id=gdb.brandid  WHERE ( cat.path like "0,2%" )  [ RunTime:0.0000s ]
SQL: select spuid ,max(salenumber) salenum from category cat inner join goods gd on gd.catid=cat.id inner join spu_sku pk on pk.spuid= gd.id inner join goodsdetail gdd on gdd.skuid = pk.skuid where cat.path like "0,2%" group by pk.spuid [ RunTime:0.0010s ]
SQL: SELECT DISTINCT  bd.* FROM category cat INNER JOIN goods gd ON gd.catid=cat.id INNER JOIN goods_brand gdb on gdb.goodsid=gd.id  INNER JOIN brand bd on bd.id=gdb.brandid  WHERE ( cat.path like "0,3%" )  [ RunTime:0.0010s ]
SQL: select spuid ,max(salenumber) salenum from category cat inner join goods gd on gd.catid=cat.id inner join spu_sku pk on pk.spuid= gd.id inner join goodsdetail gdd on gdd.skuid = pk.skuid where cat.path like "0,3%" group by pk.spuid [ RunTime:0.0000s ]
SQL: SELECT DISTINCT  bd.* FROM category cat INNER JOIN goods gd ON gd.catid=cat.id INNER JOIN goods_brand gdb on gdb.goodsid=gd.id  INNER JOIN brand bd on bd.id=gdb.brandid  WHERE ( cat.path like "0,4%" )  [ RunTime:0.0000s ]
SQL: select spuid ,max(salenumber) salenum from category cat inner join goods gd on gd.catid=cat.id inner join spu_sku pk on pk.spuid= gd.id inner join goodsdetail gdd on gdd.skuid = pk.skuid where cat.path like "0,4%" group by pk.spuid [ RunTime:0.0010s ]
SQL: SELECT DISTINCT  `catid` FROM `goods`  [ RunTime:0.0000s ]
SQL: SELECT * FROM goods gd INNER JOIN spu_sku pk on pk.spuid=gd.id  WHERE ( catid =5 )  [ RunTime:0.0000s ]
SQL: SELECT * FROM goods gd INNER JOIN spu_sku pk on pk.spuid=gd.id  WHERE ( catid =7 )  [ RunTime:0.0000s ]
SQL: SELECT * FROM goods gd INNER JOIN spu_sku pk on pk.spuid=gd.id  WHERE ( catid =14 )  [ RunTime:0.0010s ]
NOTIC: [8] Undefined variable: result C:\wamp\www\ddEle\Application\Home\Controller\IndexController.class.php 第 50 行.

[ 2016-11-14T00:10:32+08:00 ] 127.0.0.1 /ddEle/index.php/Home/Index/
INFO: [ app_init ] --START--
INFO: Run Behavior\BuildLiteBehavior [ RunTime:0.000000s ]
INFO: [ app_init ] --END-- [ RunTime:0.000000s ]
INFO: [ app_begin ] --START--
INFO: Run Behavior\ReadHtmlCacheBehavior [ RunTime:0.000000s ]
INFO: [ app_begin ] --END-- [ RunTime:0.001000s ]
SQL: SHOW COLUMNS FROM `category` [ RunTime:0.0010s ]
SQL: SHOW COLUMNS FROM `goods` [ RunTime:0.0010s ]
SQL: SHOW COLUMNS FROM `spu_sku` [ RunTime:0.0000s ]
SQL: SHOW COLUMNS FROM `goods` [ RunTime:0.0010s ]
SQL: SELECT `id`,`catname`,`pid`,`path` FROM `category`  [ RunTime:0.0010s ]
SQL: SELECT DISTINCT  bd.* FROM category cat INNER JOIN goods gd ON gd.catid=cat.id INNER JOIN goods_brand gdb on gdb.goodsid=gd.id  INNER JOIN brand bd on bd.id=gdb.brandid  WHERE ( cat.path like "0,1%" )  [ RunTime:0.0000s ]
SQL: select spuid ,max(salenumber) salenum from category cat inner join goods gd on gd.catid=cat.id inner join spu_sku pk on pk.spuid= gd.id inner join goodsdetail gdd on gdd.skuid = pk.skuid where cat.path like "0,1%" group by pk.spuid [ RunTime:0.0020s ]
SQL: select * from category cat inner join goods gd on gd.catid=cat.id inner join spu_sku pk on pk.spuid= gd.id inner join goodsdetail gdd on gdd.skuid = pk.skuid where pk.spuid=1 and gdd.salenumber=1000 [ RunTime:0.0000s ]
SQL: select * from category cat inner join goods gd on gd.catid=cat.id inner join spu_sku pk on pk.spuid= gd.id inner join goodsdetail gdd on gdd.skuid = pk.skuid where pk.spuid=2 and gdd.salenumber=3000 [ RunTime:0.0000s ]
SQL: select * from category cat inner join goods gd on gd.catid=cat.id inner join spu_sku pk on pk.spuid= gd.id inner join goodsdetail gdd on gdd.skuid = pk.skuid where pk.spuid=3 and gdd.salenumber=111 [ RunTime:0.0000s ]
SQL: select * from category cat inner join goods gd on gd.catid=cat.id inner join spu_sku pk on pk.spuid= gd.id inner join goodsdetail gdd on gdd.skuid = pk.skuid where pk.spuid=5 and gdd.salenumber=1 [ RunTime:0.0000s ]
SQL: select * from category cat inner join goods gd on gd.catid=cat.id inner join spu_sku pk on pk.spuid= gd.id inner join goodsdetail gdd on gdd.skuid = pk.skuid where pk.spuid=13 and gdd.salenumber=0 [ RunTime:0.0000s ]
SQL: SELECT DISTINCT  bd.* FROM category cat INNER JOIN goods gd ON gd.catid=cat.id INNER JOIN goods_brand gdb on gdb.goodsid=gd.id  INNER JOIN brand bd on bd.id=gdb.brandid  WHERE ( cat.path like "0,2%" )  [ RunTime:0.0000s ]
SQL: select spuid ,max(salenumber) salenum from category cat inner join goods gd on gd.catid=cat.id inner join spu_sku pk on pk.spuid= gd.id inner join goodsdetail gdd on gdd.skuid = pk.skuid where cat.path like "0,2%" group by pk.spuid [ RunTime:0.0000s ]
SQL: SELECT DISTINCT  bd.* FROM category cat INNER JOIN goods gd ON gd.catid=cat.id INNER JOIN goods_brand gdb on gdb.goodsid=gd.id  INNER JOIN brand bd on bd.id=gdb.brandid  WHERE ( cat.path like "0,3%" )  [ RunTime:0.0000s ]
SQL: select spuid ,max(salenumber) salenum from category cat inner join goods gd on gd.catid=cat.id inner join spu_sku pk on pk.spuid= gd.id inner join goodsdetail gdd on gdd.skuid = pk.skuid where cat.path like "0,3%" group by pk.spuid [ RunTime:0.0000s ]
SQL: SELECT DISTINCT  bd.* FROM category cat INNER JOIN goods gd ON gd.catid=cat.id INNER JOIN goods_brand gdb on gdb.goodsid=gd.id  INNER JOIN brand bd on bd.id=gdb.brandid  WHERE ( cat.path like "0,4%" )  [ RunTime:0.0000s ]
SQL: select spuid ,max(salenumber) salenum from category cat inner join goods gd on gd.catid=cat.id inner join spu_sku pk on pk.spuid= gd.id inner join goodsdetail gdd on gdd.skuid = pk.skuid where cat.path like "0,4%" group by pk.spuid [ RunTime:0.0010s ]
SQL: SELECT DISTINCT  `catid` FROM `goods`  [ RunTime:0.0000s ]
SQL: SELECT * FROM goods gd INNER JOIN spu_sku pk on pk.spuid=gd.id  WHERE ( catid =5 )  [ RunTime:0.0000s ]
SQL: SELECT * FROM goods gd INNER JOIN spu_sku pk on pk.spuid=gd.id  WHERE ( catid =7 )  [ RunTime:0.0000s ]
SQL: SELECT * FROM goods gd INNER JOIN spu_sku pk on pk.spuid=gd.id  WHERE ( catid =14 )  [ RunTime:0.0000s ]

[ 2016-11-14T00:10:52+08:00 ] 127.0.0.1 /ddEle/index.php/Home/Index/
INFO: [ app_init ] --START--
INFO: Run Behavior\BuildLiteBehavior [ RunTime:0.000000s ]
INFO: [ app_init ] --END-- [ RunTime:0.000000s ]
INFO: [ app_begin ] --START--
INFO: Run Behavior\ReadHtmlCacheBehavior [ RunTime:0.000000s ]
INFO: [ app_begin ] --END-- [ RunTime:0.001000s ]
SQL: SHOW COLUMNS FROM `category` [ RunTime:0.0010s ]
SQL: SHOW COLUMNS FROM `goods` [ RunTime:0.0010s ]
SQL: SHOW COLUMNS FROM `spu_sku` [ RunTime:0.0000s ]
SQL: SHOW COLUMNS FROM `goods` [ RunTime:0.0010s ]
SQL: SELECT `id`,`catname`,`pid`,`path` FROM `category`  [ RunTime:0.0000s ]
SQL: SELECT DISTINCT  bd.* FROM category cat INNER JOIN goods gd ON gd.catid=cat.id INNER JOIN goods_brand gdb on gdb.goodsid=gd.id  INNER JOIN brand bd on bd.id=gdb.brandid  WHERE ( cat.path like "0,1%" )  [ RunTime:0.0010s ]
SQL: select spuid ,max(salenumber) salenum from category cat inner join goods gd on gd.catid=cat.id inner join spu_sku pk on pk.spuid= gd.id inner join goodsdetail gdd on gdd.skuid = pk.skuid where cat.path like "0,1%" group by pk.spuid [ RunTime:0.0010s ]
SQL: select * from category cat inner join goods gd on gd.catid=cat.id inner join spu_sku pk on pk.spuid= gd.id inner join goodsdetail gdd on gdd.skuid = pk.skuid where pk.spuid=1 and gdd.salenumber=1000 [ RunTime:0.0010s ]
SQL: select * from category cat inner join goods gd on gd.catid=cat.id inner join spu_sku pk on pk.spuid= gd.id inner join goodsdetail gdd on gdd.skuid = pk.skuid where pk.spuid=2 and gdd.salenumber=3000 [ RunTime:0.0010s ]
SQL: select * from category cat inner join goods gd on gd.catid=cat.id inner join spu_sku pk on pk.spuid= gd.id inner join goodsdetail gdd on gdd.skuid = pk.skuid where pk.spuid=3 and gdd.salenumber=111 [ RunTime:0.0000s ]
SQL: select * from category cat inner join goods gd on gd.catid=cat.id inner join spu_sku pk on pk.spuid= gd.id inner join goodsdetail gdd on gdd.skuid = pk.skuid where pk.spuid=5 and gdd.salenumber=1 [ RunTime:0.0010s ]
SQL: select * from category cat inner join goods gd on gd.catid=cat.id inner join spu_sku pk on pk.spuid= gd.id inner join goodsdetail gdd on gdd.skuid = pk.skuid where pk.spuid=13 and gdd.salenumber=0 [ RunTime:0.0010s ]
SQL: SELECT DISTINCT  bd.* FROM category cat INNER JOIN goods gd ON gd.catid=cat.id INNER JOIN goods_brand gdb on gdb.goodsid=gd.id  INNER JOIN brand bd on bd.id=gdb.brandid  WHERE ( cat.path like "0,2%" )  [ RunTime:0.0000s ]
SQL: select spuid ,max(salenumber) salenum from category cat inner join goods gd on gd.catid=cat.id inner join spu_sku pk on pk.spuid= gd.id inner join goodsdetail gdd on gdd.skuid = pk.skuid where cat.path like "0,2%" group by pk.spuid [ RunTime:0.0010s ]
SQL: SELECT DISTINCT  bd.* FROM category cat INNER JOIN goods gd ON gd.catid=cat.id INNER JOIN goods_brand gdb on gdb.goodsid=gd.id  INNER JOIN brand bd on bd.id=gdb.brandid  WHERE ( cat.path like "0,3%" )  [ RunTime:0.0000s ]
SQL: select spuid ,max(salenumber) salenum from category cat inner join goods gd on gd.catid=cat.id inner join spu_sku pk on pk.spuid= gd.id inner join goodsdetail gdd on gdd.skuid = pk.skuid where cat.path like "0,3%" group by pk.spuid [ RunTime:0.0000s ]
SQL: SELECT DISTINCT  bd.* FROM category cat INNER JOIN goods gd ON gd.catid=cat.id INNER JOIN goods_brand gdb on gdb.goodsid=gd.id  INNER JOIN brand bd on bd.id=gdb.brandid  WHERE ( cat.path like "0,4%" )  [ RunTime:0.0010s ]
SQL: select spuid ,max(salenumber) salenum from category cat inner join goods gd on gd.catid=cat.id inner join spu_sku pk on pk.spuid= gd.id inner join goodsdetail gdd on gdd.skuid = pk.skuid where cat.path like "0,4%" group by pk.spuid [ RunTime:0.0010s ]
SQL: SELECT DISTINCT  `catid` FROM `goods`  [ RunTime:0.0010s ]
SQL: SELECT * FROM goods gd INNER JOIN spu_sku pk on pk.spuid=gd.id  WHERE ( catid =5 )  [ RunTime:0.0000s ]
SQL: SELECT * FROM goods gd INNER JOIN spu_sku pk on pk.spuid=gd.id  WHERE ( catid =7 )  [ RunTime:0.0000s ]
SQL: SELECT * FROM goods gd INNER JOIN spu_sku pk on pk.spuid=gd.id  WHERE ( catid =14 )  [ RunTime:0.0000s ]
NOTIC: [8] Array to string conversion C:\wamp\www\ddEle\Application\Home\Controller\IndexController.class.php 第 50 行.
NOTIC: [8] Undefined variable: Array C:\wamp\www\ddEle\Application\Home\Controller\IndexController.class.php 第 50 行.

[ 2016-11-14T00:10:59+08:00 ] 127.0.0.1 /ddEle/index.php/Home/Index/
INFO: [ app_init ] --START--
INFO: Run Behavior\BuildLiteBehavior [ RunTime:0.000000s ]
INFO: [ app_init ] --END-- [ RunTime:0.001000s ]
INFO: [ app_begin ] --START--
INFO: Run Behavior\ReadHtmlCacheBehavior [ RunTime:0.001001s ]
INFO: [ app_begin ] --END-- [ RunTime:0.001001s ]
SQL: SHOW COLUMNS FROM `category` [ RunTime:0.0020s ]
SQL: SHOW COLUMNS FROM `goods` [ RunTime:0.0000s ]
SQL: SHOW COLUMNS FROM `spu_sku` [ RunTime:0.0000s ]
SQL: SHOW COLUMNS FROM `goods` [ RunTime:0.0000s ]
SQL: SELECT `id`,`catname`,`pid`,`path` FROM `category`  [ RunTime:0.0000s ]
SQL: SELECT DISTINCT  bd.* FROM category cat INNER JOIN goods gd ON gd.catid=cat.id INNER JOIN goods_brand gdb on gdb.goodsid=gd.id  INNER JOIN brand bd on bd.id=gdb.brandid  WHERE ( cat.path like "0,1%" )  [ RunTime:0.0010s ]
SQL: select spuid ,max(salenumber) salenum from category cat inner join goods gd on gd.catid=cat.id inner join spu_sku pk on pk.spuid= gd.id inner join goodsdetail gdd on gdd.skuid = pk.skuid where cat.path like "0,1%" group by pk.spuid [ RunTime:0.0010s ]
SQL: select * from category cat inner join goods gd on gd.catid=cat.id inner join spu_sku pk on pk.spuid= gd.id inner join goodsdetail gdd on gdd.skuid = pk.skuid where pk.spuid=1 and gdd.salenumber=1000 [ RunTime:0.0000s ]
SQL: select * from category cat inner join goods gd on gd.catid=cat.id inner join spu_sku pk on pk.spuid= gd.id inner join goodsdetail gdd on gdd.skuid = pk.skuid where pk.spuid=2 and gdd.salenumber=3000 [ RunTime:0.0000s ]
SQL: select * from category cat inner join goods gd on gd.catid=cat.id inner join spu_sku pk on pk.spuid= gd.id inner join goodsdetail gdd on gdd.skuid = pk.skuid where pk.spuid=3 and gdd.salenumber=111 [ RunTime:0.0000s ]
SQL: select * from category cat inner join goods gd on gd.catid=cat.id inner join spu_sku pk on pk.spuid= gd.id inner join goodsdetail gdd on gdd.skuid = pk.skuid where pk.spuid=5 and gdd.salenumber=1 [ RunTime:0.0010s ]
SQL: select * from category cat inner join goods gd on gd.catid=cat.id inner join spu_sku pk on pk.spuid= gd.id inner join goodsdetail gdd on gdd.skuid = pk.skuid where pk.spuid=13 and gdd.salenumber=0 [ RunTime:0.0010s ]
SQL: SELECT DISTINCT  bd.* FROM category cat INNER JOIN goods gd ON gd.catid=cat.id INNER JOIN goods_brand gdb on gdb.goodsid=gd.id  INNER JOIN brand bd on bd.id=gdb.brandid  WHERE ( cat.path like "0,2%" )  [ RunTime:0.0000s ]
SQL: select spuid ,max(salenumber) salenum from category cat inner join goods gd on gd.catid=cat.id inner join spu_sku pk on pk.spuid= gd.id inner join goodsdetail gdd on gdd.skuid = pk.skuid where cat.path like "0,2%" group by pk.spuid [ RunTime:0.0010s ]
SQL: SELECT DISTINCT  bd.* FROM category cat INNER JOIN goods gd ON gd.catid=cat.id INNER JOIN goods_brand gdb on gdb.goodsid=gd.id  INNER JOIN brand bd on bd.id=gdb.brandid  WHERE ( cat.path like "0,3%" )  [ RunTime:0.0000s ]
SQL: select spuid ,max(salenumber) salenum from category cat inner join goods gd on gd.catid=cat.id inner join spu_sku pk on pk.spuid= gd.id inner join goodsdetail gdd on gdd.skuid = pk.skuid where cat.path like "0,3%" group by pk.spuid [ RunTime:0.0000s ]
SQL: SELECT DISTINCT  bd.* FROM category cat INNER JOIN goods gd ON gd.catid=cat.id INNER JOIN goods_brand gdb on gdb.goodsid=gd.id  INNER JOIN brand bd on bd.id=gdb.brandid  WHERE ( cat.path like "0,4%" )  [ RunTime:0.0010s ]
SQL: select spuid ,max(salenumber) salenum from category cat inner join goods gd on gd.catid=cat.id inner join spu_sku pk on pk.spuid= gd.id inner join goodsdetail gdd on gdd.skuid = pk.skuid where cat.path like "0,4%" group by pk.spuid [ RunTime:0.0000s ]
SQL: SELECT DISTINCT  `catid` FROM `goods`  [ RunTime:0.0000s ]
SQL: SELECT * FROM goods gd INNER JOIN spu_sku pk on pk.spuid=gd.id  WHERE ( catid =5 )  [ RunTime:0.0000s ]
SQL: SELECT * FROM goods gd INNER JOIN spu_sku pk on pk.spuid=gd.id  WHERE ( catid =7 )  [ RunTime:0.0000s ]
SQL: SELECT * FROM goods gd INNER JOIN spu_sku pk on pk.spuid=gd.id  WHERE ( catid =14 )  [ RunTime:0.0000s ]

[ 2016-11-14T00:13:49+08:00 ] 127.0.0.1 /ddEle/index.php/Home/Index/
INFO: [ app_init ] --START--
INFO: Run Behavior\BuildLiteBehavior [ RunTime:0.000000s ]
INFO: [ app_init ] --END-- [ RunTime:0.001001s ]
INFO: [ app_begin ] --START--
INFO: Run Behavior\ReadHtmlCacheBehavior [ RunTime:0.000000s ]
INFO: [ app_begin ] --END-- [ RunTime:0.000000s ]
SQL: SHOW COLUMNS FROM `category` [ RunTime:0.0000s ]
SQL: SHOW COLUMNS FROM `goods` [ RunTime:0.0000s ]
SQL: SHOW COLUMNS FROM `spu_sku` [ RunTime:0.0010s ]
SQL: SHOW COLUMNS FROM `goods` [ RunTime:0.0000s ]
SQL: SELECT `id`,`catname`,`pid`,`path` FROM `category`  [ RunTime:0.0000s ]
SQL: SELECT DISTINCT  bd.* FROM category cat INNER JOIN goods gd ON gd.catid=cat.id INNER JOIN goods_brand gdb on gdb.goodsid=gd.id  INNER JOIN brand bd on bd.id=gdb.brandid  WHERE ( cat.path like "0,1%" )  [ RunTime:0.0010s ]
SQL: select spuid ,max(salenumber) salenum from category cat inner join goods gd on gd.catid=cat.id inner join spu_sku pk on pk.spuid= gd.id inner join goodsdetail gdd on gdd.skuid = pk.skuid where cat.path like "0,1%" group by pk.spuid [ RunTime:0.0010s ]
SQL: select * from category cat inner join goods gd on gd.catid=cat.id inner join spu_sku pk on pk.spuid= gd.id inner join goodsdetail gdd on gdd.skuid = pk.skuid inner join goodsimg gimg on gimg.spuid=pk.spuid and gimg.ismain=1 where pk.spuid=1 and gdd.salenumber=1000 [ RunTime:0.0000s ]
SQL: select * from category cat inner join goods gd on gd.catid=cat.id inner join spu_sku pk on pk.spuid= gd.id inner join goodsdetail gdd on gdd.skuid = pk.skuid inner join goodsimg gimg on gimg.spuid=pk.spuid and gimg.ismain=1 where pk.spuid=2 and gdd.salenumber=3000 [ RunTime:0.0010s ]
SQL: select * from category cat inner join goods gd on gd.catid=cat.id inner join spu_sku pk on pk.spuid= gd.id inner join goodsdetail gdd on gdd.skuid = pk.skuid inner join goodsimg gimg on gimg.spuid=pk.spuid and gimg.ismain=1 where pk.spuid=3 and gdd.salenumber=111 [ RunTime:0.0000s ]
SQL: select * from category cat inner join goods gd on gd.catid=cat.id inner join spu_sku pk on pk.spuid= gd.id inner join goodsdetail gdd on gdd.skuid = pk.skuid inner join goodsimg gimg on gimg.spuid=pk.spuid and gimg.ismain=1 where pk.spuid=5 and gdd.salenumber=1 [ RunTime:0.0010s ]
SQL: select * from category cat inner join goods gd on gd.catid=cat.id inner join spu_sku pk on pk.spuid= gd.id inner join goodsdetail gdd on gdd.skuid = pk.skuid inner join goodsimg gimg on gimg.spuid=pk.spuid and gimg.ismain=1 where pk.spuid=13 and gdd.salenumber=0 [ RunTime:0.0010s ]
NOTIC: [8] Undefined offset: 0 C:\wamp\www\ddEle\Application\Home\Model\IndexModel.class.php 第 22 行.
SQL: SELECT DISTINCT  bd.* FROM category cat INNER JOIN goods gd ON gd.catid=cat.id INNER JOIN goods_brand gdb on gdb.goodsid=gd.id  INNER JOIN brand bd on bd.id=gdb.brandid  WHERE ( cat.path like "0,2%" )  [ RunTime:0.0010s ]
SQL: select spuid ,max(salenumber) salenum from category cat inner join goods gd on gd.catid=cat.id inner join spu_sku pk on pk.spuid= gd.id inner join goodsdetail gdd on gdd.skuid = pk.skuid where cat.path like "0,2%" group by pk.spuid [ RunTime:0.0000s ]
SQL: SELECT DISTINCT  bd.* FROM category cat INNER JOIN goods gd ON gd.catid=cat.id INNER JOIN goods_brand gdb on gdb.goodsid=gd.id  INNER JOIN brand bd on bd.id=gdb.brandid  WHERE ( cat.path like "0,3%" )  [ RunTime:0.0000s ]
SQL: select spuid ,max(salenumber) salenum from category cat inner join goods gd on gd.catid=cat.id inner join spu_sku pk on pk.spuid= gd.id inner join goodsdetail gdd on gdd.skuid = pk.skuid where cat.path like "0,3%" group by pk.spuid [ RunTime:0.0000s ]
SQL: SELECT DISTINCT  bd.* FROM category cat INNER JOIN goods gd ON gd.catid=cat.id INNER JOIN goods_brand gdb on gdb.goodsid=gd.id  INNER JOIN brand bd on bd.id=gdb.brandid  WHERE ( cat.path like "0,4%" )  [ RunTime:0.0000s ]
SQL: select spuid ,max(salenumber) salenum from category cat inner join goods gd on gd.catid=cat.id inner join spu_sku pk on pk.spuid= gd.id inner join goodsdetail gdd on gdd.skuid = pk.skuid where cat.path like "0,4%" group by pk.spuid [ RunTime:0.0010s ]
SQL: SELECT DISTINCT  `catid` FROM `goods`  [ RunTime:0.0000s ]
SQL: SELECT * FROM goods gd INNER JOIN spu_sku pk on pk.spuid=gd.id  WHERE ( catid =5 )  [ RunTime:0.0000s ]
SQL: SELECT * FROM goods gd INNER JOIN spu_sku pk on pk.spuid=gd.id  WHERE ( catid =7 )  [ RunTime:0.0000s ]
SQL: SELECT * FROM goods gd INNER JOIN spu_sku pk on pk.spuid=gd.id  WHERE ( catid =14 )  [ RunTime:0.0010s ]

[ 2016-11-14T00:15:24+08:00 ] 127.0.0.1 /ddEle/index.php/Home/Index/
INFO: [ app_init ] --START--
INFO: Run Behavior\BuildLiteBehavior [ RunTime:0.000000s ]
INFO: [ app_init ] --END-- [ RunTime:0.001000s ]
INFO: [ app_begin ] --START--
INFO: Run Behavior\ReadHtmlCacheBehavior [ RunTime:0.000000s ]
INFO: [ app_begin ] --END-- [ RunTime:0.001000s ]
SQL: SHOW COLUMNS FROM `category` [ RunTime:0.0010s ]
SQL: SHOW COLUMNS FROM `goods` [ RunTime:0.0000s ]
SQL: SHOW COLUMNS FROM `spu_sku` [ RunTime:0.0010s ]
SQL: SHOW COLUMNS FROM `goods` [ RunTime:0.0000s ]
SQL: SELECT `id`,`catname`,`pid`,`path` FROM `category`  [ RunTime:0.0000s ]
SQL: SELECT DISTINCT  bd.* FROM category cat INNER JOIN goods gd ON gd.catid=cat.id INNER JOIN goods_brand gdb on gdb.goodsid=gd.id  INNER JOIN brand bd on bd.id=gdb.brandid  WHERE ( cat.path like "0,1%" )  [ RunTime:0.0010s ]
SQL: select spuid ,max(salenumber) salenum from category cat inner join goods gd on gd.catid=cat.id inner join spu_sku pk on pk.spuid= gd.id inner join goodsdetail gdd on gdd.skuid = pk.skuid where cat.path like "0,1%" group by pk.spuid [ RunTime:0.0010s ]
SQL: select * from category cat inner join goods gd on gd.catid=cat.id inner join spu_sku pk on pk.spuid= gd.id inner join goodsdetail gdd on gdd.skuid = pk.skuid left join goodsimg gimg on gimg.spuid=pk.spuid and gimg.ismain=1 where pk.spuid=1 and gdd.salenumber=1000 [ RunTime:0.0250s ]
SQL: select * from category cat inner join goods gd on gd.catid=cat.id inner join spu_sku pk on pk.spuid= gd.id inner join goodsdetail gdd on gdd.skuid = pk.skuid left join goodsimg gimg on gimg.spuid=pk.spuid and gimg.ismain=1 where pk.spuid=2 and gdd.salenumber=3000 [ RunTime:0.0130s ]
SQL: select * from category cat inner join goods gd on gd.catid=cat.id inner join spu_sku pk on pk.spuid= gd.id inner join goodsdetail gdd on gdd.skuid = pk.skuid left join goodsimg gimg on gimg.spuid=pk.spuid and gimg.ismain=1 where pk.spuid=3 and gdd.salenumber=111 [ RunTime:0.0010s ]
SQL: select * from category cat inner join goods gd on gd.catid=cat.id inner join spu_sku pk on pk.spuid= gd.id inner join goodsdetail gdd on gdd.skuid = pk.skuid left join goodsimg gimg on gimg.spuid=pk.spuid and gimg.ismain=1 where pk.spuid=5 and gdd.salenumber=1 [ RunTime:0.0020s ]
SQL: select * from category cat inner join goods gd on gd.catid=cat.id inner join spu_sku pk on pk.spuid= gd.id inner join goodsdetail gdd on gdd.skuid = pk.skuid left join goodsimg gimg on gimg.spuid=pk.spuid and gimg.ismain=1 where pk.spuid=13 and gdd.salenumber=0 [ RunTime:0.0010s ]
SQL: SELECT DISTINCT  bd.* FROM category cat INNER JOIN goods gd ON gd.catid=cat.id INNER JOIN goods_brand gdb on gdb.goodsid=gd.id  INNER JOIN brand bd on bd.id=gdb.brandid  WHERE ( cat.path like "0,2%" )  [ RunTime:0.0010s ]
SQL: select spuid ,max(salenumber) salenum from category cat inner join goods gd on gd.catid=cat.id inner join spu_sku pk on pk.spuid= gd.id inner join goodsdetail gdd on gdd.skuid = pk.skuid where cat.path like "0,2%" group by pk.spuid [ RunTime:0.0010s ]
SQL: SELECT DISTINCT  bd.* FROM category cat INNER JOIN goods gd ON gd.catid=cat.id INNER JOIN goods_brand gdb on gdb.goodsid=gd.id  INNER JOIN brand bd on bd.id=gdb.brandid  WHERE ( cat.path like "0,3%" )  [ RunTime:0.0000s ]
SQL: select spuid ,max(salenumber) salenum from category cat inner join goods gd on gd.catid=cat.id inner join spu_sku pk on pk.spuid= gd.id inner join goodsdetail gdd on gdd.skuid = pk.skuid where cat.path like "0,3%" group by pk.spuid [ RunTime:0.0010s ]
SQL: SELECT DISTINCT  bd.* FROM category cat INNER JOIN goods gd ON gd.catid=cat.id INNER JOIN goods_brand gdb on gdb.goodsid=gd.id  INNER JOIN brand bd on bd.id=gdb.brandid  WHERE ( cat.path like "0,4%" )  [ RunTime:0.0000s ]
SQL: select spuid ,max(salenumber) salenum from category cat inner join goods gd on gd.catid=cat.id inner join spu_sku pk on pk.spuid= gd.id inner join goodsdetail gdd on gdd.skuid = pk.skuid where cat.path like "0,4%" group by pk.spuid [ RunTime:0.0010s ]
SQL: SELECT DISTINCT  `catid` FROM `goods`  [ RunTime:0.0010s ]
SQL: SELECT * FROM goods gd INNER JOIN spu_sku pk on pk.spuid=gd.id  WHERE ( catid =5 )  [ RunTime:0.0010s ]
SQL: SELECT * FROM goods gd INNER JOIN spu_sku pk on pk.spuid=gd.id  WHERE ( catid =7 )  [ RunTime:0.0000s ]
SQL: SELECT * FROM goods gd INNER JOIN spu_sku pk on pk.spuid=gd.id  WHERE ( catid =14 )  [ RunTime:0.0000s ]

