[ 2016-11-07T18:47:31+08:00 ] 127.0.0.1 /index.php/home/reg/verifyCode
INFO: [ app_begin ] --START--
INFO: Run Behavior\ReadHtmlCacheBehavior [ RunTime:0.000000s ]
INFO: [ app_begin ] --END-- [ RunTime:0.001000s ]

[ 2016-11-07T18:47:37+08:00 ] 127.0.0.1 /index.php/home/reg/verifyUser
INFO: [ app_begin ] --START--
INFO: Run Behavior\ReadHtmlCacheBehavior [ RunTime:0.000000s ]
INFO: [ app_begin ] --END-- [ RunTime:0.001000s ]
SQL: SHOW COLUMNS FROM `user` [ RunTime:0.0130s ]
SQL: SELECT * FROM `user` WHERE `name` = '123@qq.com' LIMIT 1   [ RunTime:0.0010s ]

[ 2016-11-07T18:47:47+08:00 ] 127.0.0.1 /index.php/home/reg/verifyCode
INFO: [ app_begin ] --START--
INFO: Run Behavior\ReadHtmlCacheBehavior [ RunTime:0.000000s ]
INFO: [ app_begin ] --END-- [ RunTime:0.001000s ]

[ 2016-11-07T18:47:47+08:00 ] 127.0.0.1 /index.php/home/reg/verifyUser
INFO: [ app_begin ] --START--
INFO: Run Behavior\ReadHtmlCacheBehavior [ RunTime:0.000000s ]
INFO: [ app_begin ] --END-- [ RunTime:0.001000s ]
SQL: SHOW COLUMNS FROM `user` [ RunTime:0.0040s ]
SQL: SELECT * FROM `user` WHERE `name` = '123@qq.com' LIMIT 1   [ RunTime:0.0010s ]

[ 2016-11-07T18:47:47+08:00 ] 127.0.0.1 /index.php/home/reg/verifyCode
INFO: [ app_begin ] --START--
INFO: Run Behavior\ReadHtmlCacheBehavior [ RunTime:0.001000s ]
INFO: [ app_begin ] --END-- [ RunTime:0.001000s ]

[ 2016-11-07T18:47:54+08:00 ] 127.0.0.1 /index.php/home/reg/verifyCode
INFO: [ app_begin ] --START--
INFO: Run Behavior\ReadHtmlCacheBehavior [ RunTime:0.001000s ]
INFO: [ app_begin ] --END-- [ RunTime:0.004000s ]

[ 2016-11-07T18:47:54+08:00 ] 127.0.0.1 /index.php/home/reg/verifyUser
INFO: [ app_begin ] --START--
INFO: Run Behavior\ReadHtmlCacheBehavior [ RunTime:0.000000s ]
INFO: [ app_begin ] --END-- [ RunTime:0.003000s ]
SQL: SHOW COLUMNS FROM `user` [ RunTime:0.0010s ]
SQL: SELECT * FROM `user` WHERE `name` = '123@qq.com' LIMIT 1   [ RunTime:0.0010s ]

[ 2016-11-07T18:47:55+08:00 ] 127.0.0.1 /index.php/home/reg/verifyUser
INFO: [ app_begin ] --START--
INFO: Run Behavior\ReadHtmlCacheBehavior [ RunTime:0.001000s ]
INFO: [ app_begin ] --END-- [ RunTime:0.002000s ]
SQL: SHOW COLUMNS FROM `user` [ RunTime:0.0090s ]
SQL: SELECT * FROM `user` WHERE `name` = '123@qq.com' LIMIT 1   [ RunTime:0.0010s ]

[ 2016-11-07T18:47:56+08:00 ] 127.0.0.1 /index.php/home/reg/verifyUser
INFO: [ app_begin ] --START--
INFO: Run Behavior\ReadHtmlCacheBehavior [ RunTime:0.001000s ]
INFO: [ app_begin ] --END-- [ RunTime:0.001000s ]
SQL: SHOW COLUMNS FROM `user` [ RunTime:0.0200s ]
SQL: SELECT * FROM `user` WHERE `name` = '123@qq.com' LIMIT 1   [ RunTime:0.0000s ]

[ 2016-11-07T18:47:57+08:00 ] 127.0.0.1 /index.php/home/reg/verifyUser
INFO: [ app_begin ] --START--
INFO: Run Behavior\ReadHtmlCacheBehavior [ RunTime:0.001000s ]
INFO: [ app_begin ] --END-- [ RunTime:0.001000s ]
SQL: SHOW COLUMNS FROM `user` [ RunTime:0.0010s ]
SQL: SELECT * FROM `user` WHERE `name` = '123@qq.com' LIMIT 1   [ RunTime:0.0010s ]

[ 2016-11-07T18:48:01+08:00 ] 127.0.0.1 /index.php/home/reg/verifyUser
INFO: [ app_begin ] --START--
INFO: Run Behavior\ReadHtmlCacheBehavior [ RunTime:0.001000s ]
INFO: [ app_begin ] --END-- [ RunTime:0.002000s ]
SQL: SHOW COLUMNS FROM `user` [ RunTime:0.0120s ]
SQL: SELECT * FROM `user` WHERE `name` = '1223@qq.com' LIMIT 1   [ RunTime:0.0000s ]

[ 2016-11-07T18:48:01+08:00 ] 127.0.0.1 /index.php/home/reg/verifyUser
INFO: [ app_begin ] --START--
INFO: Run Behavior\ReadHtmlCacheBehavior [ RunTime:0.001000s ]
INFO: [ app_begin ] --END-- [ RunTime:0.001000s ]
SQL: SHOW COLUMNS FROM `user` [ RunTime:0.0010s ]
SQL: SELECT * FROM `user` WHERE `name` = '1223@qq.com' LIMIT 1   [ RunTime:0.0050s ]

[ 2016-11-07T18:48:02+08:00 ] 127.0.0.1 /index.php/home/reg/verifyUser
INFO: [ app_begin ] --START--
INFO: Run Behavior\ReadHtmlCacheBehavior [ RunTime:0.001000s ]
INFO: [ app_begin ] --END-- [ RunTime:0.002000s ]
SQL: SHOW COLUMNS FROM `user` [ RunTime:0.0020s ]
SQL: SELECT * FROM `user` WHERE `name` = '1223@qq.com' LIMIT 1   [ RunTime:0.0010s ]

[ 2016-11-07T18:48:03+08:00 ] 127.0.0.1 /index.php/home/reg/verifyUser
INFO: [ app_begin ] --START--
INFO: Run Behavior\ReadHtmlCacheBehavior [ RunTime:0.001000s ]
INFO: [ app_begin ] --END-- [ RunTime:0.002000s ]
SQL: SHOW COLUMNS FROM `user` [ RunTime:0.0020s ]
SQL: SELECT * FROM `user` WHERE `name` = '1223@qq.com' LIMIT 1   [ RunTime:0.0010s ]

[ 2016-11-07T18:49:11+08:00 ] 127.0.0.1 /index.php/home/reg/verifyUser
INFO: [ app_begin ] --START--
INFO: Run Behavior\ReadHtmlCacheBehavior [ RunTime:0.000000s ]
INFO: [ app_begin ] --END-- [ RunTime:0.001000s ]
SQL: SHOW COLUMNS FROM `user` [ RunTime:0.0340s ]
SQL: SELECT * FROM `user` WHERE `name` = '123@qq.com' LIMIT 1   [ RunTime:0.0000s ]

[ 2016-11-07T18:49:14+08:00 ] 127.0.0.1 /index.php/home/reg/verifyUser
INFO: [ app_begin ] --START--
INFO: Run Behavior\ReadHtmlCacheBehavior [ RunTime:0.001000s ]
INFO: [ app_begin ] --END-- [ RunTime:0.002000s ]
SQL: SHOW COLUMNS FROM `user` [ RunTime:0.0180s ]
SQL: SELECT * FROM `user` WHERE `name` = '123@qq.com' LIMIT 1   [ RunTime:0.0000s ]

[ 2016-11-07T18:49:14+08:00 ] 127.0.0.1 /index.php/home/reg/verifyCode
INFO: [ app_begin ] --START--
INFO: Run Behavior\ReadHtmlCacheBehavior [ RunTime:0.001000s ]
INFO: [ app_begin ] --END-- [ RunTime:0.001000s ]

[ 2016-11-07T18:49:21+08:00 ] 127.0.0.1 /index.php/home/reg/verifyUser
INFO: [ app_begin ] --START--
INFO: Run Behavior\ReadHtmlCacheBehavior [ RunTime:0.001000s ]
INFO: [ app_begin ] --END-- [ RunTime:0.001000s ]
SQL: SHOW COLUMNS FROM `user` [ RunTime:0.0010s ]
SQL: SELECT * FROM `user` WHERE `name` = '1231@qq.com' LIMIT 1   [ RunTime:0.0010s ]

[ 2016-11-07T18:49:25+08:00 ] 127.0.0.1 /index.php/home/reg/verifyUser
INFO: [ app_begin ] --START--
INFO: Run Behavior\ReadHtmlCacheBehavior [ RunTime:0.001000s ]
INFO: [ app_begin ] --END-- [ RunTime:0.001000s ]
SQL: SHOW COLUMNS FROM `user` [ RunTime:0.0010s ]
SQL: SELECT * FROM `user` WHERE `name` = '12311@qq.com' LIMIT 1   [ RunTime:0.0010s ]

[ 2016-11-07T18:49:26+08:00 ] 127.0.0.1 /index.php/home/reg/verifyUser
INFO: [ app_begin ] --START--
INFO: Run Behavior\ReadHtmlCacheBehavior [ RunTime:0.001000s ]
INFO: [ app_begin ] --END-- [ RunTime:0.002000s ]
SQL: SHOW COLUMNS FROM `user` [ RunTime:0.0010s ]
SQL: SELECT * FROM `user` WHERE `name` = '12311@qq.com' LIMIT 1   [ RunTime:0.0000s ]

[ 2016-11-07T18:49:27+08:00 ] 127.0.0.1 /index.php/home/reg/verifyCode
INFO: [ app_begin ] --START--
INFO: Run Behavior\ReadHtmlCacheBehavior [ RunTime:0.000000s ]
INFO: [ app_begin ] --END-- [ RunTime:0.001000s ]

[ 2016-11-07T18:49:34+08:00 ] 127.0.0.1 /index.php/home/reg/verifyUser
INFO: [ app_begin ] --START--
INFO: Run Behavior\ReadHtmlCacheBehavior [ RunTime:0.001000s ]
INFO: [ app_begin ] --END-- [ RunTime:0.001000s ]
SQL: SHOW COLUMNS FROM `user` [ RunTime:0.0410s ]
SQL: SELECT * FROM `user` WHERE `name` = '12311@qq.com' LIMIT 1   [ RunTime:0.0010s ]

[ 2016-11-07T18:49:34+08:00 ] 127.0.0.1 /index.php/home/reg/verifyCode
INFO: [ app_begin ] --START--
INFO: Run Behavior\ReadHtmlCacheBehavior [ RunTime:0.001000s ]
INFO: [ app_begin ] --END-- [ RunTime:0.001000s ]

[ 2016-11-07T18:49:46+08:00 ] 127.0.0.1 /index.php/home/reg/verifyUser
INFO: [ app_begin ] --START--
INFO: Run Behavior\ReadHtmlCacheBehavior [ RunTime:0.001000s ]
INFO: [ app_begin ] --END-- [ RunTime:0.001000s ]
SQL: SHOW COLUMNS FROM `user` [ RunTime:0.0090s ]
SQL: SELECT * FROM `user` WHERE `name` = '12311@qq.com' LIMIT 1   [ RunTime:0.0010s ]

[ 2016-11-07T18:49:46+08:00 ] 127.0.0.1 /index.php/home/reg/verifyCode
INFO: [ app_begin ] --START--
INFO: Run Behavior\ReadHtmlCacheBehavior [ RunTime:0.000000s ]
INFO: [ app_begin ] --END-- [ RunTime:0.001000s ]

[ 2016-11-07T18:49:58+08:00 ] 127.0.0.1 /index.php/home/reg/verifyUser
INFO: [ app_begin ] --START--
INFO: Run Behavior\ReadHtmlCacheBehavior [ RunTime:0.000000s ]
INFO: [ app_begin ] --END-- [ RunTime:0.001000s ]
SQL: SHOW COLUMNS FROM `user` [ RunTime:0.0230s ]
SQL: SELECT * FROM `user` WHERE `name` = '123123@qq.com' LIMIT 1   [ RunTime:0.0010s ]

[ 2016-11-07T18:50:01+08:00 ] 127.0.0.1 /index.php/home/reg/verifyUser
INFO: [ app_begin ] --START--
INFO: Run Behavior\ReadHtmlCacheBehavior [ RunTime:0.001000s ]
INFO: [ app_begin ] --END-- [ RunTime:0.001000s ]
SQL: SHOW COLUMNS FROM `user` [ RunTime:0.0010s ]
SQL: SELECT * FROM `user` WHERE `name` = '123123@qq.com' LIMIT 1   [ RunTime:0.0000s ]

[ 2016-11-07T18:50:01+08:00 ] 127.0.0.1 /index.php/home/reg/verifyCode
INFO: [ app_begin ] --START--
INFO: Run Behavior\ReadHtmlCacheBehavior [ RunTime:0.001000s ]
INFO: [ app_begin ] --END-- [ RunTime:0.001000s ]

[ 2016-11-07T18:50:24+08:00 ] 127.0.0.1 /index.php/home/reg/verifyUser
INFO: [ app_begin ] --START--
INFO: Run Behavior\ReadHtmlCacheBehavior [ RunTime:0.000000s ]
INFO: [ app_begin ] --END-- [ RunTime:0.001000s ]
SQL: SHOW COLUMNS FROM `user` [ RunTime:0.0010s ]
SQL: SELECT * FROM `user` WHERE `name` = '123123@qq.com' LIMIT 1   [ RunTime:0.0010s ]

[ 2016-11-07T18:50:26+08:00 ] 127.0.0.1 /index.php/home/reg/verifyUser
INFO: [ app_begin ] --START--
INFO: Run Behavior\ReadHtmlCacheBehavior [ RunTime:0.000000s ]
INFO: [ app_begin ] --END-- [ RunTime:0.001000s ]
SQL: SHOW COLUMNS FROM `user` [ RunTime:0.0430s ]
SQL: SELECT * FROM `user` WHERE `name` = '123123@qq.com' LIMIT 1   [ RunTime:0.0000s ]

[ 2016-11-07T18:50:26+08:00 ] 127.0.0.1 /index.php/home/reg/verifyCode
INFO: [ app_begin ] --START--
INFO: Run Behavior\ReadHtmlCacheBehavior [ RunTime:0.001000s ]
INFO: [ app_begin ] --END-- [ RunTime:0.001000s ]

[ 2016-11-07T18:51:02+08:00 ] 127.0.0.1 /index.php/home/reg/verifyCode
INFO: [ app_begin ] --START--
INFO: Run Behavior\ReadHtmlCacheBehavior [ RunTime:0.001000s ]
INFO: [ app_begin ] --END-- [ RunTime:0.001000s ]

[ 2016-11-07T18:51:07+08:00 ] 127.0.0.1 /index.php/home/reg/verifyUser
INFO: [ app_begin ] --START--
INFO: Run Behavior\ReadHtmlCacheBehavior [ RunTime:0.001000s ]
INFO: [ app_begin ] --END-- [ RunTime:0.001000s ]
SQL: SHOW COLUMNS FROM `user` [ RunTime:0.0010s ]
SQL: SELECT * FROM `user` WHERE `name` = '123123@qq.com' LIMIT 1   [ RunTime:0.0000s ]

[ 2016-11-07T18:51:18+08:00 ] 127.0.0.1 /index.php/home/reg/verifyCode
INFO: [ app_begin ] --START--
INFO: Run Behavior\ReadHtmlCacheBehavior [ RunTime:0.001000s ]
INFO: [ app_begin ] --END-- [ RunTime:0.001000s ]

[ 2016-11-07T18:51:18+08:00 ] 127.0.0.1 /index.php/home/reg/verifyUser
INFO: [ app_begin ] --START--
INFO: Run Behavior\ReadHtmlCacheBehavior [ RunTime:0.001000s ]
INFO: [ app_begin ] --END-- [ RunTime:0.001000s ]
SQL: SHOW COLUMNS FROM `user` [ RunTime:0.0060s ]
SQL: SELECT * FROM `user` WHERE `name` = '123123@qq.com' LIMIT 1   [ RunTime:0.0010s ]

[ 2016-11-07T18:51:26+08:00 ] 127.0.0.1 /index.php/home/reg/verifyUser
INFO: [ app_begin ] --START--
INFO: Run Behavior\ReadHtmlCacheBehavior [ RunTime:0.001000s ]
INFO: [ app_begin ] --END-- [ RunTime:0.001000s ]
SQL: SHOW COLUMNS FROM `user` [ RunTime:0.0100s ]
SQL: SELECT * FROM `user` WHERE `name` = '123123@qq.com' LIMIT 1   [ RunTime:0.0000s ]

[ 2016-11-07T18:51:33+08:00 ] 127.0.0.1 /index.php/home/reg/verifyUser
INFO: [ app_begin ] --START--
INFO: Run Behavior\ReadHtmlCacheBehavior [ RunTime:0.001000s ]
INFO: [ app_begin ] --END-- [ RunTime:0.001000s ]
SQL: SHOW COLUMNS FROM `user` [ RunTime:0.0170s ]
SQL: SELECT * FROM `user` WHERE `name` = '123123@qq.com' LIMIT 1   [ RunTime:0.0010s ]

[ 2016-11-07T18:51:33+08:00 ] 127.0.0.1 /index.php/home/reg/verifyCode
INFO: [ app_begin ] --START--
INFO: Run Behavior\ReadHtmlCacheBehavior [ RunTime:0.000000s ]
INFO: [ app_begin ] --END-- [ RunTime:0.001000s ]

[ 2016-11-07T18:51:39+08:00 ] 127.0.0.1 /index.php/home/reg/verifyCode
INFO: [ app_begin ] --START--
INFO: Run Behavior\ReadHtmlCacheBehavior [ RunTime:0.001000s ]
INFO: [ app_begin ] --END-- [ RunTime:0.002000s ]

[ 2016-11-07T18:51:40+08:00 ] 127.0.0.1 /index.php/home/reg/verifyUser
INFO: [ app_begin ] --START--
INFO: Run Behavior\ReadHtmlCacheBehavior [ RunTime:0.001000s ]
INFO: [ app_begin ] --END-- [ RunTime:0.001000s ]
SQL: SHOW COLUMNS FROM `user` [ RunTime:0.0080s ]
SQL: SELECT * FROM `user` WHERE `name` = '123123@qq.com' LIMIT 1   [ RunTime:0.0000s ]

[ 2016-11-07T18:51:40+08:00 ] 127.0.0.1 /index.php/home/reg/verifyUser
INFO: [ app_begin ] --START--
INFO: Run Behavior\ReadHtmlCacheBehavior [ RunTime:0.001000s ]
INFO: [ app_begin ] --END-- [ RunTime:0.001000s ]
SQL: SHOW COLUMNS FROM `user` [ RunTime:0.0250s ]
SQL: SELECT * FROM `user` WHERE `name` = '123123@qq.com' LIMIT 1   [ RunTime:0.0040s ]

[ 2016-11-07T18:51:44+08:00 ] 127.0.0.1 /index.php/home/reg/verifyUser
INFO: [ app_begin ] --START--
INFO: Run Behavior\ReadHtmlCacheBehavior [ RunTime:0.001000s ]
INFO: [ app_begin ] --END-- [ RunTime:0.002000s ]
SQL: SHOW COLUMNS FROM `user` [ RunTime:0.0060s ]
SQL: SELECT * FROM `user` WHERE `name` = '1231233@qq.com' LIMIT 1   [ RunTime:0.0020s ]

[ 2016-11-07T18:51:47+08:00 ] 127.0.0.1 /index.php/home/reg/verifyUser
INFO: [ app_begin ] --START--
INFO: Run Behavior\ReadHtmlCacheBehavior [ RunTime:0.001000s ]
INFO: [ app_begin ] --END-- [ RunTime:0.001000s ]
SQL: SHOW COLUMNS FROM `user` [ RunTime:0.0010s ]
SQL: SELECT * FROM `user` WHERE `name` = '1231233@qq.com' LIMIT 1   [ RunTime:0.0010s ]

[ 2016-11-07T18:51:56+08:00 ] 127.0.0.1 /index.php/home/reg/verifyUser
INFO: [ app_begin ] --START--
INFO: Run Behavior\ReadHtmlCacheBehavior [ RunTime:0.001000s ]
INFO: [ app_begin ] --END-- [ RunTime:0.003000s ]
SQL: SHOW COLUMNS FROM `user` [ RunTime:0.0120s ]
SQL: SELECT * FROM `user` WHERE `name` = '123123@qq.com' LIMIT 1   [ RunTime:0.0000s ]

[ 2016-11-07T18:52:08+08:00 ] 127.0.0.1 /index.php/home/reg/verifyCode
INFO: [ app_begin ] --START--
INFO: Run Behavior\ReadHtmlCacheBehavior [ RunTime:0.001000s ]
INFO: [ app_begin ] --END-- [ RunTime:0.002000s ]

[ 2016-11-07T18:52:14+08:00 ] 127.0.0.1 /index.php/home/reg/verifyCode
INFO: [ app_begin ] --START--
INFO: Run Behavior\ReadHtmlCacheBehavior [ RunTime:0.001000s ]
INFO: [ app_begin ] --END-- [ RunTime:0.001000s ]

[ 2016-11-07T18:52:15+08:00 ] 127.0.0.1 /index.php/home/reg/verifyUser
INFO: [ app_begin ] --START--
INFO: Run Behavior\ReadHtmlCacheBehavior [ RunTime:0.000000s ]
INFO: [ app_begin ] --END-- [ RunTime:0.001000s ]
SQL: SHOW COLUMNS FROM `user` [ RunTime:0.0450s ]
SQL: SELECT * FROM `user` WHERE `name` = '123123@qq.com' LIMIT 1   [ RunTime:0.0000s ]

[ 2016-11-07T18:52:16+08:00 ] 127.0.0.1 /index.php/home/reg/verifyUser
INFO: [ app_begin ] --START--
INFO: Run Behavior\ReadHtmlCacheBehavior [ RunTime:0.001001s ]
INFO: [ app_begin ] --END-- [ RunTime:0.001001s ]
SQL: SHOW COLUMNS FROM `user` [ RunTime:0.0190s ]
SQL: SELECT * FROM `user` WHERE `name` = '123123@qq.com' LIMIT 1   [ RunTime:0.0000s ]

[ 2016-11-07T18:52:17+08:00 ] 127.0.0.1 /index.php/home/reg/verifyUser
INFO: [ app_begin ] --START--
INFO: Run Behavior\ReadHtmlCacheBehavior [ RunTime:0.000000s ]
INFO: [ app_begin ] --END-- [ RunTime:0.002000s ]
SQL: SHOW COLUMNS FROM `user` [ RunTime:0.0070s ]
SQL: SELECT * FROM `user` WHERE `name` = '123123@qq.com' LIMIT 1   [ RunTime:0.0000s ]

[ 2016-11-07T18:52:18+08:00 ] 127.0.0.1 /index.php/home/reg/verifyUser
INFO: [ app_begin ] --START--
INFO: Run Behavior\ReadHtmlCacheBehavior [ RunTime:0.001000s ]
INFO: [ app_begin ] --END-- [ RunTime:0.001000s ]
SQL: SHOW COLUMNS FROM `user` [ RunTime:0.0010s ]
SQL: SELECT * FROM `user` WHERE `name` = '123123@qq.com' LIMIT 1   [ RunTime:0.0000s ]

[ 2016-11-07T18:52:19+08:00 ] 127.0.0.1 /index.php/home/reg/verifyUser
INFO: [ app_begin ] --START--
INFO: Run Behavior\ReadHtmlCacheBehavior [ RunTime:0.001000s ]
INFO: [ app_begin ] --END-- [ RunTime:0.002000s ]
SQL: SHOW COLUMNS FROM `user` [ RunTime:0.0010s ]
SQL: SELECT * FROM `user` WHERE `name` = '123123@qq.com' LIMIT 1   [ RunTime:0.0010s ]

[ 2016-11-07T18:52:24+08:00 ] 127.0.0.1 /index.php/home/reg/verifyUser
INFO: [ app_begin ] --START--
INFO: Run Behavior\ReadHtmlCacheBehavior [ RunTime:0.001000s ]
INFO: [ app_begin ] --END-- [ RunTime:0.001000s ]
SQL: SHOW COLUMNS FROM `user` [ RunTime:0.0030s ]
SQL: SELECT * FROM `user` WHERE `name` = '11123123@qq.com' LIMIT 1   [ RunTime:0.0010s ]

[ 2016-11-07T18:52:26+08:00 ] 127.0.0.1 /index.php/home/reg/verifyUser
INFO: [ app_begin ] --START--
INFO: Run Behavior\ReadHtmlCacheBehavior [ RunTime:0.000000s ]
INFO: [ app_begin ] --END-- [ RunTime:0.002000s ]
SQL: SHOW COLUMNS FROM `user` [ RunTime:0.0010s ]
SQL: SELECT * FROM `user` WHERE `name` = '11123123@qq.com' LIMIT 1   [ RunTime:0.0010s ]

[ 2016-11-07T18:57:34+08:00 ] 127.0.0.1 /index.php/home/reg/verifyUser
INFO: [ app_begin ] --START--
INFO: Run Behavior\ReadHtmlCacheBehavior [ RunTime:0.000000s ]
INFO: [ app_begin ] --END-- [ RunTime:0.001000s ]
SQL: SHOW COLUMNS FROM `user` [ RunTime:0.0010s ]
SQL: SELECT * FROM `user` WHERE `name` = '11111@qq.com' LIMIT 1   [ RunTime:0.0010s ]

[ 2016-11-07T18:57:48+08:00 ] 127.0.0.1 /index.php/home/reg/verifyCode
INFO: [ app_begin ] --START--
INFO: Run Behavior\ReadHtmlCacheBehavior [ RunTime:0.000000s ]
INFO: [ app_begin ] --END-- [ RunTime:0.002001s ]

[ 2016-11-07T18:57:50+08:00 ] 127.0.0.1 /index.php/home/reg/verifyUser
INFO: [ app_begin ] --START--
INFO: Run Behavior\ReadHtmlCacheBehavior [ RunTime:0.001000s ]
INFO: [ app_begin ] --END-- [ RunTime:0.002000s ]
SQL: SHOW COLUMNS FROM `user` [ RunTime:0.0190s ]
SQL: SELECT * FROM `user` WHERE `name` = '11111@qq.com' LIMIT 1   [ RunTime:0.0000s ]

[ 2016-11-07T18:57:51+08:00 ] 127.0.0.1 /index.php/home/reg/verifyUser
INFO: [ app_begin ] --START--
INFO: Run Behavior\ReadHtmlCacheBehavior [ RunTime:0.000000s ]
INFO: [ app_begin ] --END-- [ RunTime:0.002000s ]
SQL: SHOW COLUMNS FROM `user` [ RunTime:0.0060s ]
SQL: SELECT * FROM `user` WHERE `name` = '11111@qq.com' LIMIT 1   [ RunTime:0.0010s ]

[ 2016-11-07T18:58:08+08:00 ] 127.0.0.1 /index.php/home/reg/verifyUser
INFO: [ app_begin ] --START--
INFO: Run Behavior\ReadHtmlCacheBehavior [ RunTime:0.001000s ]
INFO: [ app_begin ] --END-- [ RunTime:0.001000s ]
SQL: SHOW COLUMNS FROM `user` [ RunTime:0.0190s ]
SQL: SELECT * FROM `user` WHERE `name` = '11111@qq.com' LIMIT 1   [ RunTime:0.0000s ]

