[ 2016-11-15T16:35:06+08:00 ] 127.0.0.1 /index.php/Admin/Box/orders?keyword=&p=1
INFO: [ app_begin ] --START--
INFO: Run Behavior\ReadHtmlCacheBehavior [ RunTime:0.001000s ]
INFO: [ app_begin ] --END-- [ RunTime:0.002000s ]
SQL: SHOW COLUMNS FROM `auser` [ RunTime:0.0480s ]
SQL: SELECT COUNT(*) AS tp_count FROM `auser` WHERE ( 1=1 ) LIMIT 1   [ RunTime:0.0030s ]
SQL: SELECT * FROM `auser` WHERE ( 1=1 ) ORDER BY id ASC LIMIT 0,3   [ RunTime:0.0010s ]
SQL: SHOW COLUMNS FROM `arole` [ RunTime:0.0010s ]
NOTIC: [8] Undefined index: mapping_order D:\wamp\www\web\ThinkPHP\Library\Think\Model\RelationModel.class.php 第 186 行.
NOTIC: [8] Undefined index: mapping_limit D:\wamp\www\web\ThinkPHP\Library\Think\Model\RelationModel.class.php 第 187 行.
SQL: SELECT b.id,name FROM auser_role AS a, arole AS b WHERE a.rid = b.id AND a. uid='1' [ RunTime:0.0000s ]
NOTIC: [8] Undefined index: mapping_order D:\wamp\www\web\ThinkPHP\Library\Think\Model\RelationModel.class.php 第 186 行.
NOTIC: [8] Undefined index: mapping_limit D:\wamp\www\web\ThinkPHP\Library\Think\Model\RelationModel.class.php 第 187 行.
SQL: SELECT b.id,name FROM auser_role AS a, arole AS b WHERE a.rid = b.id AND a. uid='27' [ RunTime:0.0000s ]
NOTIC: [8] Undefined index: mapping_order D:\wamp\www\web\ThinkPHP\Library\Think\Model\RelationModel.class.php 第 186 行.
NOTIC: [8] Undefined index: mapping_limit D:\wamp\www\web\ThinkPHP\Library\Think\Model\RelationModel.class.php 第 187 行.
SQL: SELECT b.id,name FROM auser_role AS a, arole AS b WHERE a.rid = b.id AND a. uid='60' [ RunTime:0.0000s ]
NOTIC: [2] Missing argument 1 for Think\PageAjax::show(), called in D:\wamp\www\web\Application\Admin\Controller\BoxController.class.php on line 22 and defined D:\wamp\www\web\ThinkPHP\Library\Think\PageAjax.class.php 第 77 行.
NOTIC: [8] Undefined variable: url_replace D:\wamp\www\web\ThinkPHP\Library\Think\PageAjax.class.php 第 84 行.
INFO: [ view_parse ] --START--
INFO: [ template_filter ] --START--
INFO: Run Behavior\ContentReplaceBehavior [ RunTime:0.000000s ]
INFO: [ template_filter ] --END-- [ RunTime:0.000000s ]
INFO: Run Behavior\ParseTemplateBehavior [ RunTime:0.031002s ]
INFO: [ view_parse ] --END-- [ RunTime:0.031002s ]
INFO: [ view_filter ] --START--
INFO: Run Behavior\WriteHtmlCacheBehavior [ RunTime:0.001000s ]
INFO: [ view_filter ] --END-- [ RunTime:0.001000s ]
INFO: [ app_end ] --START--
INFO: Run Behavior\ShowPageTraceBehavior [ RunTime:0.001000s ]
INFO: [ app_end ] --END-- [ RunTime:0.001000s ]

[ 2016-11-15T16:35:10+08:00 ] 127.0.0.1 /index.php/Admin/Box/role?keyword=&p=1
INFO: [ app_begin ] --START--
INFO: Run Behavior\ReadHtmlCacheBehavior [ RunTime:0.000000s ]
INFO: [ app_begin ] --END-- [ RunTime:0.001000s ]
SQL: SHOW COLUMNS FROM `arole` [ RunTime:0.0060s ]
SQL: SELECT COUNT(*) AS tp_count FROM `arole` WHERE ( 1=1 ) LIMIT 1   [ RunTime:0.0000s ]
SQL: SELECT * FROM `arole` WHERE ( 1=1 ) ORDER BY id ASC LIMIT 0,2   [ RunTime:0.0000s ]
SQL: SHOW COLUMNS FROM `anode` [ RunTime:0.0020s ]
NOTIC: [8] Undefined index: mapping_order D:\wamp\www\web\ThinkPHP\Library\Think\Model\RelationModel.class.php 第 186 行.
NOTIC: [8] Undefined index: mapping_limit D:\wamp\www\web\ThinkPHP\Library\Think\Model\RelationModel.class.php 第 187 行.
SQL: SELECT b.mname,aname,status FROM arole_node AS a, anode AS b WHERE a.nid = b.id AND a. rid='2' [ RunTime:0.0010s ]
NOTIC: [8] Undefined index: mapping_order D:\wamp\www\web\ThinkPHP\Library\Think\Model\RelationModel.class.php 第 186 行.
NOTIC: [8] Undefined index: mapping_limit D:\wamp\www\web\ThinkPHP\Library\Think\Model\RelationModel.class.php 第 187 行.
SQL: SELECT b.mname,aname,status FROM arole_node AS a, anode AS b WHERE a.nid = b.id AND a. rid='3' [ RunTime:0.0060s ]
NOTIC: [2] Missing argument 1 for Think\PageAjax::show(), called in D:\wamp\www\web\Application\Admin\Controller\BoxController.class.php on line 43 and defined D:\wamp\www\web\ThinkPHP\Library\Think\PageAjax.class.php 第 77 行.
NOTIC: [8] Undefined variable: url_replace D:\wamp\www\web\ThinkPHP\Library\Think\PageAjax.class.php 第 84 行.
INFO: [ view_parse ] --START--
INFO: [ template_filter ] --START--
INFO: Run Behavior\ContentReplaceBehavior [ RunTime:0.000000s ]
INFO: [ template_filter ] --END-- [ RunTime:0.000000s ]
INFO: Run Behavior\ParseTemplateBehavior [ RunTime:0.045003s ]
INFO: [ view_parse ] --END-- [ RunTime:0.046003s ]
INFO: [ view_filter ] --START--
INFO: Run Behavior\WriteHtmlCacheBehavior [ RunTime:0.001000s ]
INFO: [ view_filter ] --END-- [ RunTime:0.001000s ]
INFO: [ app_end ] --START--
INFO: Run Behavior\ShowPageTraceBehavior [ RunTime:0.001000s ]
INFO: [ app_end ] --END-- [ RunTime:0.001000s ]

[ 2016-11-15T16:35:12+08:00 ] 127.0.0.1 /index.php/Admin/Box/node?keyword=&p=1
INFO: [ app_begin ] --START--
INFO: Run Behavior\ReadHtmlCacheBehavior [ RunTime:0.001000s ]
INFO: [ app_begin ] --END-- [ RunTime:0.001000s ]
SQL: SHOW COLUMNS FROM `anode` [ RunTime:0.0060s ]
SQL: SELECT COUNT(*) AS tp_count FROM `anode` WHERE ( 1=1 ) LIMIT 1   [ RunTime:0.0010s ]
SQL: SELECT * FROM `anode` WHERE ( 1=1 ) ORDER BY id ASC LIMIT 0,8   [ RunTime:0.0010s ]
NOTIC: [2] Missing argument 1 for Think\PageAjax::show(), called in D:\wamp\www\web\Application\Admin\Controller\BoxController.class.php on line 63 and defined D:\wamp\www\web\ThinkPHP\Library\Think\PageAjax.class.php 第 77 行.
NOTIC: [8] Undefined variable: url_replace D:\wamp\www\web\ThinkPHP\Library\Think\PageAjax.class.php 第 84 行.
INFO: [ view_parse ] --START--
INFO: [ template_filter ] --START--
INFO: Run Behavior\ContentReplaceBehavior [ RunTime:0.000000s ]
INFO: [ template_filter ] --END-- [ RunTime:0.000000s ]
INFO: Run Behavior\ParseTemplateBehavior [ RunTime:0.036002s ]
INFO: [ view_parse ] --END-- [ RunTime:0.036002s ]
INFO: [ view_filter ] --START--
INFO: Run Behavior\WriteHtmlCacheBehavior [ RunTime:0.001000s ]
INFO: [ view_filter ] --END-- [ RunTime:0.001000s ]
INFO: [ app_end ] --START--
INFO: Run Behavior\ShowPageTraceBehavior [ RunTime:0.001000s ]
INFO: [ app_end ] --END-- [ RunTime:0.001000s ]

[ 2016-11-15T16:35:15+08:00 ] 127.0.0.1 /index.php/Admin/Box/category?keyword=&p=1
INFO: [ app_begin ] --START--
INFO: Run Behavior\ReadHtmlCacheBehavior [ RunTime:0.001000s ]
INFO: [ app_begin ] --END-- [ RunTime:0.001000s ]
SQL: SHOW COLUMNS FROM `category` [ RunTime:0.2660s ]
SQL: SELECT COUNT(*) AS tp_count FROM `category` WHERE ( 1=1 ) LIMIT 1   [ RunTime:0.0010s ]
SQL: SELECT * FROM `category`  [ RunTime:0.0010s ]
NOTIC: [2] Missing argument 1 for Think\PageAjax::show(), called in D:\wamp\www\web\Application\Admin\Controller\BoxController.class.php on line 87 and defined D:\wamp\www\web\ThinkPHP\Library\Think\PageAjax.class.php 第 77 行.
NOTIC: [8] Undefined variable: url_replace D:\wamp\www\web\ThinkPHP\Library\Think\PageAjax.class.php 第 84 行.
INFO: [ view_parse ] --START--
INFO: [ template_filter ] --START--
INFO: Run Behavior\ContentReplaceBehavior [ RunTime:0.000000s ]
INFO: [ template_filter ] --END-- [ RunTime:0.002000s ]
INFO: Run Behavior\ParseTemplateBehavior [ RunTime:0.061003s ]
INFO: [ view_parse ] --END-- [ RunTime:0.062003s ]
INFO: [ view_filter ] --START--
INFO: Run Behavior\WriteHtmlCacheBehavior [ RunTime:0.001001s ]
INFO: [ view_filter ] --END-- [ RunTime:0.001001s ]
INFO: [ app_end ] --START--
INFO: Run Behavior\ShowPageTraceBehavior [ RunTime:0.003000s ]
INFO: [ app_end ] --END-- [ RunTime:0.003000s ]

[ 2016-11-15T16:35:22+08:00 ] 127.0.0.1 /index.php/Admin/Box/category?keyword=&p=1
INFO: [ app_begin ] --START--
INFO: Run Behavior\ReadHtmlCacheBehavior [ RunTime:0.001001s ]
INFO: [ app_begin ] --END-- [ RunTime:0.002001s ]
SQL: SHOW COLUMNS FROM `category` [ RunTime:0.0360s ]
SQL: SELECT COUNT(*) AS tp_count FROM `category` WHERE ( 1=1 ) LIMIT 1   [ RunTime:0.0010s ]
SQL: SELECT * FROM `category`  [ RunTime:0.0040s ]
NOTIC: [2] Missing argument 1 for Think\PageAjax::show(), called in D:\wamp\www\web\Application\Admin\Controller\BoxController.class.php on line 87 and defined D:\wamp\www\web\ThinkPHP\Library\Think\PageAjax.class.php 第 77 行.
NOTIC: [8] Undefined variable: url_replace D:\wamp\www\web\ThinkPHP\Library\Think\PageAjax.class.php 第 84 行.
INFO: [ view_parse ] --START--
INFO: [ template_filter ] --START--
INFO: Run Behavior\ContentReplaceBehavior [ RunTime:0.001000s ]
INFO: [ template_filter ] --END-- [ RunTime:0.001000s ]
INFO: Run Behavior\ParseTemplateBehavior [ RunTime:0.021002s ]
INFO: [ view_parse ] --END-- [ RunTime:0.021002s ]
INFO: [ view_filter ] --START--
INFO: Run Behavior\WriteHtmlCacheBehavior [ RunTime:0.001000s ]
INFO: [ view_filter ] --END-- [ RunTime:0.001000s ]
INFO: [ app_end ] --START--
INFO: Run Behavior\ShowPageTraceBehavior [ RunTime:0.000000s ]
INFO: [ app_end ] --END-- [ RunTime:0.002000s ]

[ 2016-11-15T16:35:28+08:00 ] 127.0.0.1 /index.php/Admin/Box/orders?keyword=&p=1
INFO: [ app_begin ] --START--
INFO: Run Behavior\ReadHtmlCacheBehavior [ RunTime:0.000000s ]
INFO: [ app_begin ] --END-- [ RunTime:0.002000s ]
SQL: SHOW COLUMNS FROM `auser` [ RunTime:0.0200s ]
SQL: SELECT COUNT(*) AS tp_count FROM `auser` WHERE ( 1=1 ) LIMIT 1   [ RunTime:0.0000s ]
SQL: SELECT * FROM `auser` WHERE ( 1=1 ) ORDER BY id ASC LIMIT 0,3   [ RunTime:0.0010s ]
SQL: SHOW COLUMNS FROM `arole` [ RunTime:0.0010s ]
NOTIC: [8] Undefined index: mapping_order D:\wamp\www\web\ThinkPHP\Library\Think\Model\RelationModel.class.php 第 186 行.
NOTIC: [8] Undefined index: mapping_limit D:\wamp\www\web\ThinkPHP\Library\Think\Model\RelationModel.class.php 第 187 行.
SQL: SELECT b.id,name FROM auser_role AS a, arole AS b WHERE a.rid = b.id AND a. uid='1' [ RunTime:0.0080s ]
NOTIC: [8] Undefined index: mapping_order D:\wamp\www\web\ThinkPHP\Library\Think\Model\RelationModel.class.php 第 186 行.
NOTIC: [8] Undefined index: mapping_limit D:\wamp\www\web\ThinkPHP\Library\Think\Model\RelationModel.class.php 第 187 行.
SQL: SELECT b.id,name FROM auser_role AS a, arole AS b WHERE a.rid = b.id AND a. uid='27' [ RunTime:0.0020s ]
NOTIC: [8] Undefined index: mapping_order D:\wamp\www\web\ThinkPHP\Library\Think\Model\RelationModel.class.php 第 186 行.
NOTIC: [8] Undefined index: mapping_limit D:\wamp\www\web\ThinkPHP\Library\Think\Model\RelationModel.class.php 第 187 行.
SQL: SELECT b.id,name FROM auser_role AS a, arole AS b WHERE a.rid = b.id AND a. uid='60' [ RunTime:0.0000s ]
NOTIC: [2] Missing argument 1 for Think\PageAjax::show(), called in D:\wamp\www\web\Application\Admin\Controller\BoxController.class.php on line 22 and defined D:\wamp\www\web\ThinkPHP\Library\Think\PageAjax.class.php 第 77 行.
NOTIC: [8] Undefined variable: url_replace D:\wamp\www\web\ThinkPHP\Library\Think\PageAjax.class.php 第 84 行.
INFO: [ view_parse ] --START--
INFO: [ template_filter ] --START--
INFO: Run Behavior\ContentReplaceBehavior [ RunTime:0.000000s ]
INFO: [ template_filter ] --END-- [ RunTime:0.000000s ]
INFO: Run Behavior\ParseTemplateBehavior [ RunTime:0.020002s ]
INFO: [ view_parse ] --END-- [ RunTime:0.020002s ]
INFO: [ view_filter ] --START--
INFO: Run Behavior\WriteHtmlCacheBehavior [ RunTime:0.001000s ]
INFO: [ view_filter ] --END-- [ RunTime:0.001000s ]
INFO: [ app_end ] --START--
INFO: Run Behavior\ShowPageTraceBehavior [ RunTime:0.002000s ]
INFO: [ app_end ] --END-- [ RunTime:0.002000s ]

[ 2016-11-15T16:35:31+08:00 ] 127.0.0.1 /index.php/Admin/User/rolelist.html
INFO: [ app_begin ] --START--
INFO: Run Behavior\ReadHtmlCacheBehavior [ RunTime:0.001000s ]
INFO: [ app_begin ] --END-- [ RunTime:0.001000s ]
SQL: SHOW COLUMNS FROM `auser` [ RunTime:0.0010s ]
SQL: SHOW COLUMNS FROM `arole` [ RunTime:0.0000s ]
SQL: SHOW COLUMNS FROM `auser_role` [ RunTime:0.0010s ]
SQL: SELECT `rid` FROM `auser_role` WHERE `uid` = '1'  [ RunTime:0.0000s ]
SQL: SELECT `id`,`name` FROM `arole` WHERE `status` = '1'  [ RunTime:0.0010s ]

[ 2016-11-15T16:35:33+08:00 ] 127.0.0.1 /index.php/Admin/User/edit.html
INFO: [ app_begin ] --START--
INFO: Run Behavior\ReadHtmlCacheBehavior [ RunTime:0.000000s ]
INFO: [ app_begin ] --END-- [ RunTime:0.002000s ]
SQL: SHOW COLUMNS FROM `auser` [ RunTime:0.0020s ]
SQL: SHOW COLUMNS FROM `arole` [ RunTime:0.0010s ]
SQL: SHOW COLUMNS FROM `auser_role` [ RunTime:0.0010s ]
SQL: SELECT `id`,`username`,`name` FROM `auser` WHERE `id` = '1' LIMIT 1   [ RunTime:0.0000s ]

[ 2016-11-15T16:35:38+08:00 ] 127.0.0.1 /index.php/Admin/Box/orders?keyword=
INFO: [ app_begin ] --START--
INFO: Run Behavior\ReadHtmlCacheBehavior [ RunTime:0.001000s ]
INFO: [ app_begin ] --END-- [ RunTime:0.001000s ]
SQL: SHOW COLUMNS FROM `auser` [ RunTime:0.0120s ]
SQL: SELECT COUNT(*) AS tp_count FROM `auser` WHERE ( 1=1 ) LIMIT 1   [ RunTime:0.0020s ]
NOTIC: [8] Undefined index: p D:\wamp\www\web\Application\Admin\Controller\BoxController.class.php 第 20 行.
SQL: SELECT * FROM `auser` WHERE ( 1=1 ) ORDER BY id ASC LIMIT 0,3   [ RunTime:0.0010s ]
SQL: SHOW COLUMNS FROM `arole` [ RunTime:0.0080s ]
NOTIC: [8] Undefined index: mapping_order D:\wamp\www\web\ThinkPHP\Library\Think\Model\RelationModel.class.php 第 186 行.
NOTIC: [8] Undefined index: mapping_limit D:\wamp\www\web\ThinkPHP\Library\Think\Model\RelationModel.class.php 第 187 行.
SQL: SELECT b.id,name FROM auser_role AS a, arole AS b WHERE a.rid = b.id AND a. uid='1' [ RunTime:0.0010s ]
NOTIC: [8] Undefined index: mapping_order D:\wamp\www\web\ThinkPHP\Library\Think\Model\RelationModel.class.php 第 186 行.
NOTIC: [8] Undefined index: mapping_limit D:\wamp\www\web\ThinkPHP\Library\Think\Model\RelationModel.class.php 第 187 行.
SQL: SELECT b.id,name FROM auser_role AS a, arole AS b WHERE a.rid = b.id AND a. uid='27' [ RunTime:0.0010s ]
NOTIC: [8] Undefined index: mapping_order D:\wamp\www\web\ThinkPHP\Library\Think\Model\RelationModel.class.php 第 186 行.
NOTIC: [8] Undefined index: mapping_limit D:\wamp\www\web\ThinkPHP\Library\Think\Model\RelationModel.class.php 第 187 行.
SQL: SELECT b.id,name FROM auser_role AS a, arole AS b WHERE a.rid = b.id AND a. uid='60' [ RunTime:0.0080s ]
NOTIC: [2] Missing argument 1 for Think\PageAjax::show(), called in D:\wamp\www\web\Application\Admin\Controller\BoxController.class.php on line 22 and defined D:\wamp\www\web\ThinkPHP\Library\Think\PageAjax.class.php 第 77 行.
NOTIC: [8] Undefined variable: url_replace D:\wamp\www\web\ThinkPHP\Library\Think\PageAjax.class.php 第 84 行.
INFO: [ view_parse ] --START--
INFO: [ template_filter ] --START--
INFO: Run Behavior\ContentReplaceBehavior [ RunTime:0.000000s ]
INFO: [ template_filter ] --END-- [ RunTime:0.000000s ]
INFO: Run Behavior\ParseTemplateBehavior [ RunTime:0.026002s ]
INFO: [ view_parse ] --END-- [ RunTime:0.027002s ]
INFO: [ view_filter ] --START--
INFO: Run Behavior\WriteHtmlCacheBehavior [ RunTime:0.000000s ]
INFO: [ view_filter ] --END-- [ RunTime:0.001000s ]
INFO: [ app_end ] --START--
INFO: Run Behavior\ShowPageTraceBehavior [ RunTime:0.001000s ]
INFO: [ app_end ] --END-- [ RunTime:0.001000s ]

[ 2016-11-15T16:35:40+08:00 ] 127.0.0.1 /index.php/Admin/Box/orders?keyword=&p=2
INFO: [ app_begin ] --START--
INFO: Run Behavior\ReadHtmlCacheBehavior [ RunTime:0.000000s ]
INFO: [ app_begin ] --END-- [ RunTime:0.001000s ]
SQL: SHOW COLUMNS FROM `auser` [ RunTime:0.0070s ]
SQL: SELECT COUNT(*) AS tp_count FROM `auser` WHERE ( 1=1 ) LIMIT 1   [ RunTime:0.0000s ]
SQL: SELECT * FROM `auser` WHERE ( 1=1 ) ORDER BY id ASC LIMIT 3,3   [ RunTime:0.0000s ]
SQL: SHOW COLUMNS FROM `arole` [ RunTime:0.0010s ]
NOTIC: [8] Undefined index: mapping_order D:\wamp\www\web\ThinkPHP\Library\Think\Model\RelationModel.class.php 第 186 行.
NOTIC: [8] Undefined index: mapping_limit D:\wamp\www\web\ThinkPHP\Library\Think\Model\RelationModel.class.php 第 187 行.
SQL: SELECT b.id,name FROM auser_role AS a, arole AS b WHERE a.rid = b.id AND a. uid='84' [ RunTime:0.0000s ]
NOTIC: [8] Undefined index: mapping_order D:\wamp\www\web\ThinkPHP\Library\Think\Model\RelationModel.class.php 第 186 行.
NOTIC: [8] Undefined index: mapping_limit D:\wamp\www\web\ThinkPHP\Library\Think\Model\RelationModel.class.php 第 187 行.
SQL: SELECT b.id,name FROM auser_role AS a, arole AS b WHERE a.rid = b.id AND a. uid='85' [ RunTime:0.0000s ]
NOTIC: [8] Undefined index: mapping_order D:\wamp\www\web\ThinkPHP\Library\Think\Model\RelationModel.class.php 第 186 行.
NOTIC: [8] Undefined index: mapping_limit D:\wamp\www\web\ThinkPHP\Library\Think\Model\RelationModel.class.php 第 187 行.
SQL: SELECT b.id,name FROM auser_role AS a, arole AS b WHERE a.rid = b.id AND a. uid='87' [ RunTime:0.0000s ]
NOTIC: [2] Missing argument 1 for Think\PageAjax::show(), called in D:\wamp\www\web\Application\Admin\Controller\BoxController.class.php on line 22 and defined D:\wamp\www\web\ThinkPHP\Library\Think\PageAjax.class.php 第 77 行.
NOTIC: [8] Undefined variable: url_replace D:\wamp\www\web\ThinkPHP\Library\Think\PageAjax.class.php 第 84 行.
INFO: [ view_parse ] --START--
INFO: [ template_filter ] --START--
INFO: Run Behavior\ContentReplaceBehavior [ RunTime:0.000000s ]
INFO: [ template_filter ] --END-- [ RunTime:0.001000s ]
INFO: Run Behavior\ParseTemplateBehavior [ RunTime:0.019001s ]
INFO: [ view_parse ] --END-- [ RunTime:0.019001s ]
INFO: [ view_filter ] --START--
INFO: Run Behavior\WriteHtmlCacheBehavior [ RunTime:0.001000s ]
INFO: [ view_filter ] --END-- [ RunTime:0.001000s ]
INFO: [ app_end ] --START--
INFO: Run Behavior\ShowPageTraceBehavior [ RunTime:0.001000s ]
INFO: [ app_end ] --END-- [ RunTime:0.001000s ]

[ 2016-11-15T16:35:44+08:00 ] 127.0.0.1 /index.php/Admin/Box/orders?keyword=11&p=1
INFO: [ app_begin ] --START--
INFO: Run Behavior\ReadHtmlCacheBehavior [ RunTime:0.000000s ]
INFO: [ app_begin ] --END-- [ RunTime:0.002000s ]
SQL: SHOW COLUMNS FROM `auser` [ RunTime:0.0070s ]
SQL: SELECT COUNT(*) AS tp_count FROM `auser` WHERE ( 1=1 AND username like '%11%' ) LIMIT 1   [ RunTime:0.0490s ]
SQL: SELECT * FROM `auser` WHERE ( 1=1 AND username like '%11%' ) ORDER BY id ASC LIMIT 0,3   [ RunTime:0.0020s ]
SQL: SHOW COLUMNS FROM `arole` [ RunTime:0.0040s ]
NOTIC: [8] Undefined index: mapping_order D:\wamp\www\web\ThinkPHP\Library\Think\Model\RelationModel.class.php 第 186 行.
NOTIC: [8] Undefined index: mapping_limit D:\wamp\www\web\ThinkPHP\Library\Think\Model\RelationModel.class.php 第 187 行.
SQL: SELECT b.id,name FROM auser_role AS a, arole AS b WHERE a.rid = b.id AND a. uid='84' [ RunTime:0.0010s ]
NOTIC: [2] Missing argument 1 for Think\PageAjax::show(), called in D:\wamp\www\web\Application\Admin\Controller\BoxController.class.php on line 22 and defined D:\wamp\www\web\ThinkPHP\Library\Think\PageAjax.class.php 第 77 行.
NOTIC: [8] Undefined variable: url_replace D:\wamp\www\web\ThinkPHP\Library\Think\PageAjax.class.php 第 84 行.
INFO: [ view_parse ] --START--
INFO: [ template_filter ] --START--
INFO: Run Behavior\ContentReplaceBehavior [ RunTime:0.000000s ]
INFO: [ template_filter ] --END-- [ RunTime:0.001000s ]
INFO: Run Behavior\ParseTemplateBehavior [ RunTime:0.019001s ]
INFO: [ view_parse ] --END-- [ RunTime:0.019001s ]
INFO: [ view_filter ] --START--
INFO: Run Behavior\WriteHtmlCacheBehavior [ RunTime:0.000000s ]
INFO: [ view_filter ] --END-- [ RunTime:0.000000s ]
INFO: [ app_end ] --START--
INFO: Run Behavior\ShowPageTraceBehavior [ RunTime:0.000000s ]
INFO: [ app_end ] --END-- [ RunTime:0.000000s ]

[ 2016-11-15T16:35:49+08:00 ] 127.0.0.1 /index.php/Admin/Box/orders?keyword=&p=1
INFO: [ app_begin ] --START--
INFO: Run Behavior\ReadHtmlCacheBehavior [ RunTime:0.001000s ]
INFO: [ app_begin ] --END-- [ RunTime:0.001000s ]
SQL: SHOW COLUMNS FROM `auser` [ RunTime:0.0020s ]
SQL: SELECT COUNT(*) AS tp_count FROM `auser` WHERE ( 1=1 ) LIMIT 1   [ RunTime:0.0010s ]
SQL: SELECT * FROM `auser` WHERE ( 1=1 ) ORDER BY id ASC LIMIT 0,3   [ RunTime:0.0010s ]
SQL: SHOW COLUMNS FROM `arole` [ RunTime:0.0010s ]
NOTIC: [8] Undefined index: mapping_order D:\wamp\www\web\ThinkPHP\Library\Think\Model\RelationModel.class.php 第 186 行.
NOTIC: [8] Undefined index: mapping_limit D:\wamp\www\web\ThinkPHP\Library\Think\Model\RelationModel.class.php 第 187 行.
SQL: SELECT b.id,name FROM auser_role AS a, arole AS b WHERE a.rid = b.id AND a. uid='1' [ RunTime:0.0100s ]
NOTIC: [8] Undefined index: mapping_order D:\wamp\www\web\ThinkPHP\Library\Think\Model\RelationModel.class.php 第 186 行.
NOTIC: [8] Undefined index: mapping_limit D:\wamp\www\web\ThinkPHP\Library\Think\Model\RelationModel.class.php 第 187 行.
SQL: SELECT b.id,name FROM auser_role AS a, arole AS b WHERE a.rid = b.id AND a. uid='27' [ RunTime:0.0000s ]
NOTIC: [8] Undefined index: mapping_order D:\wamp\www\web\ThinkPHP\Library\Think\Model\RelationModel.class.php 第 186 行.
NOTIC: [8] Undefined index: mapping_limit D:\wamp\www\web\ThinkPHP\Library\Think\Model\RelationModel.class.php 第 187 行.
SQL: SELECT b.id,name FROM auser_role AS a, arole AS b WHERE a.rid = b.id AND a. uid='60' [ RunTime:0.0010s ]
NOTIC: [2] Missing argument 1 for Think\PageAjax::show(), called in D:\wamp\www\web\Application\Admin\Controller\BoxController.class.php on line 22 and defined D:\wamp\www\web\ThinkPHP\Library\Think\PageAjax.class.php 第 77 行.
NOTIC: [8] Undefined variable: url_replace D:\wamp\www\web\ThinkPHP\Library\Think\PageAjax.class.php 第 84 行.
INFO: [ view_parse ] --START--
INFO: [ template_filter ] --START--
INFO: Run Behavior\ContentReplaceBehavior [ RunTime:0.001000s ]
INFO: [ template_filter ] --END-- [ RunTime:0.001000s ]
INFO: Run Behavior\ParseTemplateBehavior [ RunTime:0.019001s ]
INFO: [ view_parse ] --END-- [ RunTime:0.019001s ]
INFO: [ view_filter ] --START--
INFO: Run Behavior\WriteHtmlCacheBehavior [ RunTime:0.000000s ]
INFO: [ view_filter ] --END-- [ RunTime:0.001000s ]
INFO: [ app_end ] --START--
INFO: Run Behavior\ShowPageTraceBehavior [ RunTime:0.000000s ]
INFO: [ app_end ] --END-- [ RunTime:0.002000s ]

[ 2016-11-15T16:35:52+08:00 ] 127.0.0.1 /index.php/Admin/Box/role?keyword=&p=1
INFO: [ app_begin ] --START--
INFO: Run Behavior\ReadHtmlCacheBehavior [ RunTime:0.000000s ]
INFO: [ app_begin ] --END-- [ RunTime:0.002000s ]
SQL: SHOW COLUMNS FROM `arole` [ RunTime:0.0020s ]
SQL: SELECT COUNT(*) AS tp_count FROM `arole` WHERE ( 1=1 ) LIMIT 1   [ RunTime:0.0000s ]
SQL: SELECT * FROM `arole` WHERE ( 1=1 ) ORDER BY id ASC LIMIT 0,2   [ RunTime:0.0010s ]
SQL: SHOW COLUMNS FROM `anode` [ RunTime:0.0000s ]
NOTIC: [8] Undefined index: mapping_order D:\wamp\www\web\ThinkPHP\Library\Think\Model\RelationModel.class.php 第 186 行.
NOTIC: [8] Undefined index: mapping_limit D:\wamp\www\web\ThinkPHP\Library\Think\Model\RelationModel.class.php 第 187 行.
SQL: SELECT b.mname,aname,status FROM arole_node AS a, anode AS b WHERE a.nid = b.id AND a. rid='2' [ RunTime:0.0020s ]
NOTIC: [8] Undefined index: mapping_order D:\wamp\www\web\ThinkPHP\Library\Think\Model\RelationModel.class.php 第 186 行.
NOTIC: [8] Undefined index: mapping_limit D:\wamp\www\web\ThinkPHP\Library\Think\Model\RelationModel.class.php 第 187 行.
SQL: SELECT b.mname,aname,status FROM arole_node AS a, anode AS b WHERE a.nid = b.id AND a. rid='3' [ RunTime:0.0010s ]
NOTIC: [2] Missing argument 1 for Think\PageAjax::show(), called in D:\wamp\www\web\Application\Admin\Controller\BoxController.class.php on line 43 and defined D:\wamp\www\web\ThinkPHP\Library\Think\PageAjax.class.php 第 77 行.
NOTIC: [8] Undefined variable: url_replace D:\wamp\www\web\ThinkPHP\Library\Think\PageAjax.class.php 第 84 行.
INFO: [ view_parse ] --START--
INFO: [ template_filter ] --START--
INFO: Run Behavior\ContentReplaceBehavior [ RunTime:0.000000s ]
INFO: [ template_filter ] --END-- [ RunTime:0.001000s ]
INFO: Run Behavior\ParseTemplateBehavior [ RunTime:0.022001s ]
INFO: [ view_parse ] --END-- [ RunTime:0.023001s ]
INFO: [ view_filter ] --START--
INFO: Run Behavior\WriteHtmlCacheBehavior [ RunTime:0.000000s ]
INFO: [ view_filter ] --END-- [ RunTime:0.000000s ]
INFO: [ app_end ] --START--
INFO: Run Behavior\ShowPageTraceBehavior [ RunTime:0.001000s ]
INFO: [ app_end ] --END-- [ RunTime:0.001000s ]

[ 2016-11-15T16:35:57+08:00 ] 127.0.0.1 /index.php/Admin/Role/edit.html
INFO: [ app_begin ] --START--
INFO: Run Behavior\ReadHtmlCacheBehavior [ RunTime:0.001000s ]
INFO: [ app_begin ] --END-- [ RunTime:0.001000s ]
SQL: SHOW COLUMNS FROM `arole` [ RunTime:0.0010s ]
SQL: SHOW COLUMNS FROM `anode` [ RunTime:0.0000s ]
SQL: SHOW COLUMNS FROM `arole_node` [ RunTime:0.0000s ]
SQL: SHOW COLUMNS FROM `auser_role` [ RunTime:0.0010s ]
SQL: SELECT * FROM `arole` WHERE `id` = '2' LIMIT 1   [ RunTime:0.0000s ]

[ 2016-11-15T16:36:00+08:00 ] 127.0.0.1 /index.php/Admin/Role/edit.html
INFO: [ app_begin ] --START--
INFO: Run Behavior\ReadHtmlCacheBehavior [ RunTime:0.001000s ]
INFO: [ app_begin ] --END-- [ RunTime:0.001000s ]
SQL: SHOW COLUMNS FROM `arole` [ RunTime:0.0190s ]
SQL: SHOW COLUMNS FROM `anode` [ RunTime:0.0010s ]
SQL: SHOW COLUMNS FROM `arole_node` [ RunTime:0.0010s ]
SQL: SHOW COLUMNS FROM `auser_role` [ RunTime:0.0010s ]
SQL: SELECT * FROM `arole` WHERE `id` = '3' LIMIT 1   [ RunTime:0.0000s ]

[ 2016-11-15T16:36:03+08:00 ] 127.0.0.1 /index.php/Admin/Box/role?keyword=&p=2
INFO: [ app_begin ] --START--
INFO: Run Behavior\ReadHtmlCacheBehavior [ RunTime:0.001000s ]
INFO: [ app_begin ] --END-- [ RunTime:0.002000s ]
SQL: SHOW COLUMNS FROM `arole` [ RunTime:0.0020s ]
SQL: SELECT COUNT(*) AS tp_count FROM `arole` WHERE ( 1=1 ) LIMIT 1   [ RunTime:0.0000s ]
SQL: SELECT * FROM `arole` WHERE ( 1=1 ) ORDER BY id ASC LIMIT 2,2   [ RunTime:0.0000s ]
SQL: SHOW COLUMNS FROM `anode` [ RunTime:0.0000s ]
NOTIC: [8] Undefined index: mapping_order D:\wamp\www\web\ThinkPHP\Library\Think\Model\RelationModel.class.php 第 186 行.
NOTIC: [8] Undefined index: mapping_limit D:\wamp\www\web\ThinkPHP\Library\Think\Model\RelationModel.class.php 第 187 行.
SQL: SELECT b.mname,aname,status FROM arole_node AS a, anode AS b WHERE a.nid = b.id AND a. rid='7' [ RunTime:0.0010s ]
NOTIC: [8] Undefined index: mapping_order D:\wamp\www\web\ThinkPHP\Library\Think\Model\RelationModel.class.php 第 186 行.
NOTIC: [8] Undefined index: mapping_limit D:\wamp\www\web\ThinkPHP\Library\Think\Model\RelationModel.class.php 第 187 行.
SQL: SELECT b.mname,aname,status FROM arole_node AS a, anode AS b WHERE a.nid = b.id AND a. rid='11' [ RunTime:0.0010s ]
NOTIC: [2] Missing argument 1 for Think\PageAjax::show(), called in D:\wamp\www\web\Application\Admin\Controller\BoxController.class.php on line 43 and defined D:\wamp\www\web\ThinkPHP\Library\Think\PageAjax.class.php 第 77 行.
NOTIC: [8] Undefined variable: url_replace D:\wamp\www\web\ThinkPHP\Library\Think\PageAjax.class.php 第 84 行.
INFO: [ view_parse ] --START--
INFO: [ template_filter ] --START--
INFO: Run Behavior\ContentReplaceBehavior [ RunTime:0.001000s ]
INFO: [ template_filter ] --END-- [ RunTime:0.001000s ]
INFO: Run Behavior\ParseTemplateBehavior [ RunTime:0.017001s ]
INFO: [ view_parse ] --END-- [ RunTime:0.019001s ]
INFO: [ view_filter ] --START--
INFO: Run Behavior\WriteHtmlCacheBehavior [ RunTime:0.000000s ]
INFO: [ view_filter ] --END-- [ RunTime:0.000000s ]
INFO: [ app_end ] --START--
INFO: Run Behavior\ShowPageTraceBehavior [ RunTime:0.000000s ]
INFO: [ app_end ] --END-- [ RunTime:0.001001s ]

[ 2016-11-15T16:36:04+08:00 ] 127.0.0.1 /index.php/Admin/Role/edit.html
INFO: [ app_begin ] --START--
INFO: Run Behavior\ReadHtmlCacheBehavior [ RunTime:0.001000s ]
INFO: [ app_begin ] --END-- [ RunTime:0.001000s ]
SQL: SHOW COLUMNS FROM `arole` [ RunTime:0.0240s ]
SQL: SHOW COLUMNS FROM `anode` [ RunTime:0.0010s ]
SQL: SHOW COLUMNS FROM `arole_node` [ RunTime:0.0020s ]
SQL: SHOW COLUMNS FROM `auser_role` [ RunTime:0.0020s ]
SQL: SELECT * FROM `arole` WHERE `id` = '7' LIMIT 1   [ RunTime:0.0000s ]

[ 2016-11-15T16:36:06+08:00 ] 127.0.0.1 /index.php/Admin/Role/edit.html
INFO: [ app_begin ] --START--
INFO: Run Behavior\ReadHtmlCacheBehavior [ RunTime:0.000000s ]
INFO: [ app_begin ] --END-- [ RunTime:0.001000s ]
SQL: SHOW COLUMNS FROM `arole` [ RunTime:0.0210s ]
SQL: SHOW COLUMNS FROM `anode` [ RunTime:0.0010s ]
SQL: SHOW COLUMNS FROM `arole_node` [ RunTime:0.0010s ]
SQL: SHOW COLUMNS FROM `auser_role` [ RunTime:0.0010s ]
SQL: SELECT * FROM `arole` WHERE `id` = '11' LIMIT 1   [ RunTime:0.0000s ]

[ 2016-11-15T16:36:08+08:00 ] 127.0.0.1 /index.php/Admin/Role/nodelist.html
INFO: [ app_begin ] --START--
INFO: Run Behavior\ReadHtmlCacheBehavior [ RunTime:0.001001s ]
INFO: [ app_begin ] --END-- [ RunTime:0.001001s ]
SQL: SHOW COLUMNS FROM `arole` [ RunTime:0.0260s ]
SQL: SHOW COLUMNS FROM `anode` [ RunTime:0.0010s ]
SQL: SHOW COLUMNS FROM `arole_node` [ RunTime:0.0010s ]
SQL: SHOW COLUMNS FROM `auser_role` [ RunTime:0.0020s ]
SQL: SELECT `nid` FROM `arole_node` WHERE `rid` = '7'  [ RunTime:0.0000s ]
SQL: SELECT `id`,`name` FROM `anode` WHERE `status` = '1'  [ RunTime:0.0000s ]

[ 2016-11-15T16:36:11+08:00 ] 127.0.0.1 /index.php/Admin/Role/nodelist.html
INFO: [ app_begin ] --START--
INFO: Run Behavior\ReadHtmlCacheBehavior [ RunTime:0.001000s ]
INFO: [ app_begin ] --END-- [ RunTime:0.002000s ]
SQL: SHOW COLUMNS FROM `arole` [ RunTime:0.0030s ]
SQL: SHOW COLUMNS FROM `anode` [ RunTime:0.0020s ]
SQL: SHOW COLUMNS FROM `arole_node` [ RunTime:0.0040s ]
SQL: SHOW COLUMNS FROM `auser_role` [ RunTime:0.0010s ]
SQL: SELECT `nid` FROM `arole_node` WHERE `rid` = '11'  [ RunTime:0.0010s ]
SQL: SELECT `id`,`name` FROM `anode` WHERE `status` = '1'  [ RunTime:0.0010s ]

[ 2016-11-15T16:36:13+08:00 ] 127.0.0.1 /index.php/Admin/Box/role?keyword=&p=1
INFO: [ app_begin ] --START--
INFO: Run Behavior\ReadHtmlCacheBehavior [ RunTime:0.001000s ]
INFO: [ app_begin ] --END-- [ RunTime:0.001000s ]
SQL: SHOW COLUMNS FROM `arole` [ RunTime:0.0020s ]
SQL: SELECT COUNT(*) AS tp_count FROM `arole` WHERE ( 1=1 ) LIMIT 1   [ RunTime:0.0010s ]
SQL: SELECT * FROM `arole` WHERE ( 1=1 ) ORDER BY id ASC LIMIT 0,2   [ RunTime:0.0010s ]
SQL: SHOW COLUMNS FROM `anode` [ RunTime:0.0010s ]
NOTIC: [8] Undefined index: mapping_order D:\wamp\www\web\ThinkPHP\Library\Think\Model\RelationModel.class.php 第 186 行.
NOTIC: [8] Undefined index: mapping_limit D:\wamp\www\web\ThinkPHP\Library\Think\Model\RelationModel.class.php 第 187 行.
SQL: SELECT b.mname,aname,status FROM arole_node AS a, anode AS b WHERE a.nid = b.id AND a. rid='2' [ RunTime:0.0170s ]
NOTIC: [8] Undefined index: mapping_order D:\wamp\www\web\ThinkPHP\Library\Think\Model\RelationModel.class.php 第 186 行.
NOTIC: [8] Undefined index: mapping_limit D:\wamp\www\web\ThinkPHP\Library\Think\Model\RelationModel.class.php 第 187 行.
SQL: SELECT b.mname,aname,status FROM arole_node AS a, anode AS b WHERE a.nid = b.id AND a. rid='3' [ RunTime:0.0000s ]
NOTIC: [2] Missing argument 1 for Think\PageAjax::show(), called in D:\wamp\www\web\Application\Admin\Controller\BoxController.class.php on line 43 and defined D:\wamp\www\web\ThinkPHP\Library\Think\PageAjax.class.php 第 77 行.
NOTIC: [8] Undefined variable: url_replace D:\wamp\www\web\ThinkPHP\Library\Think\PageAjax.class.php 第 84 行.
INFO: [ view_parse ] --START--
INFO: [ template_filter ] --START--
INFO: Run Behavior\ContentReplaceBehavior [ RunTime:0.000000s ]
INFO: [ template_filter ] --END-- [ RunTime:0.001000s ]
INFO: Run Behavior\ParseTemplateBehavior [ RunTime:0.018001s ]
INFO: [ view_parse ] --END-- [ RunTime:0.019001s ]
INFO: [ view_filter ] --START--
INFO: Run Behavior\WriteHtmlCacheBehavior [ RunTime:0.001000s ]
INFO: [ view_filter ] --END-- [ RunTime:0.001000s ]
INFO: [ app_end ] --START--
INFO: Run Behavior\ShowPageTraceBehavior [ RunTime:0.001001s ]
INFO: [ app_end ] --END-- [ RunTime:0.001001s ]

[ 2016-11-15T16:36:14+08:00 ] 127.0.0.1 /index.php/Admin/Role/nodelist.html
INFO: [ app_begin ] --START--
INFO: Run Behavior\ReadHtmlCacheBehavior [ RunTime:0.001000s ]
INFO: [ app_begin ] --END-- [ RunTime:0.001000s ]
SQL: SHOW COLUMNS FROM `arole` [ RunTime:0.0010s ]
SQL: SHOW COLUMNS FROM `anode` [ RunTime:0.0010s ]
SQL: SHOW COLUMNS FROM `arole_node` [ RunTime:0.0010s ]
SQL: SHOW COLUMNS FROM `auser_role` [ RunTime:0.0010s ]
SQL: SELECT `nid` FROM `arole_node` WHERE `rid` = '3'  [ RunTime:0.0000s ]
SQL: SELECT `id`,`name` FROM `anode` WHERE `status` = '1'  [ RunTime:0.0000s ]

[ 2016-11-15T16:36:16+08:00 ] 127.0.0.1 /index.php/Admin/Role/nodelist.html
INFO: [ app_begin ] --START--
INFO: Run Behavior\ReadHtmlCacheBehavior [ RunTime:0.000000s ]
INFO: [ app_begin ] --END-- [ RunTime:0.001000s ]
SQL: SHOW COLUMNS FROM `arole` [ RunTime:0.0020s ]
SQL: SHOW COLUMNS FROM `anode` [ RunTime:0.0000s ]
SQL: SHOW COLUMNS FROM `arole_node` [ RunTime:0.0240s ]
SQL: SHOW COLUMNS FROM `auser_role` [ RunTime:0.0010s ]
SQL: SELECT `nid` FROM `arole_node` WHERE `rid` = '2'  [ RunTime:0.0000s ]
SQL: SELECT `id`,`name` FROM `anode` WHERE `status` = '1'  [ RunTime:0.0010s ]

[ 2016-11-15T16:36:18+08:00 ] 127.0.0.1 /index.php/Admin/Box/role?keyword=
INFO: [ app_begin ] --START--
INFO: Run Behavior\ReadHtmlCacheBehavior [ RunTime:0.001000s ]
INFO: [ app_begin ] --END-- [ RunTime:0.001000s ]
SQL: SHOW COLUMNS FROM `arole` [ RunTime:0.0180s ]
SQL: SELECT COUNT(*) AS tp_count FROM `arole` WHERE ( 1=1 ) LIMIT 1   [ RunTime:0.0000s ]
NOTIC: [8] Undefined index: p D:\wamp\www\web\Application\Admin\Controller\BoxController.class.php 第 39 行.
SQL: SELECT * FROM `arole` WHERE ( 1=1 ) ORDER BY id ASC LIMIT 0,2   [ RunTime:0.0090s ]
SQL: SHOW COLUMNS FROM `anode` [ RunTime:0.0010s ]
NOTIC: [8] Undefined index: mapping_order D:\wamp\www\web\ThinkPHP\Library\Think\Model\RelationModel.class.php 第 186 行.
NOTIC: [8] Undefined index: mapping_limit D:\wamp\www\web\ThinkPHP\Library\Think\Model\RelationModel.class.php 第 187 行.
SQL: SELECT b.mname,aname,status FROM arole_node AS a, anode AS b WHERE a.nid = b.id AND a. rid='2' [ RunTime:0.0010s ]
NOTIC: [8] Undefined index: mapping_order D:\wamp\www\web\ThinkPHP\Library\Think\Model\RelationModel.class.php 第 186 行.
NOTIC: [8] Undefined index: mapping_limit D:\wamp\www\web\ThinkPHP\Library\Think\Model\RelationModel.class.php 第 187 行.
SQL: SELECT b.mname,aname,status FROM arole_node AS a, anode AS b WHERE a.nid = b.id AND a. rid='3' [ RunTime:0.0010s ]
NOTIC: [2] Missing argument 1 for Think\PageAjax::show(), called in D:\wamp\www\web\Application\Admin\Controller\BoxController.class.php on line 43 and defined D:\wamp\www\web\ThinkPHP\Library\Think\PageAjax.class.php 第 77 行.
NOTIC: [8] Undefined variable: url_replace D:\wamp\www\web\ThinkPHP\Library\Think\PageAjax.class.php 第 84 行.
INFO: [ view_parse ] --START--
INFO: [ template_filter ] --START--
INFO: Run Behavior\ContentReplaceBehavior [ RunTime:0.000000s ]
INFO: [ template_filter ] --END-- [ RunTime:0.000000s ]
INFO: Run Behavior\ParseTemplateBehavior [ RunTime:0.018001s ]
INFO: [ view_parse ] --END-- [ RunTime:0.018001s ]
INFO: [ view_filter ] --START--
INFO: Run Behavior\WriteHtmlCacheBehavior [ RunTime:0.001000s ]
INFO: [ view_filter ] --END-- [ RunTime:0.001000s ]
INFO: [ app_end ] --START--
INFO: Run Behavior\ShowPageTraceBehavior [ RunTime:0.001000s ]
INFO: [ app_end ] --END-- [ RunTime:0.001000s ]

[ 2016-11-15T16:36:22+08:00 ] 127.0.0.1 /index.php/Admin/Box/role?keyword=&p=2
INFO: [ app_begin ] --START--
INFO: Run Behavior\ReadHtmlCacheBehavior [ RunTime:0.000000s ]
INFO: [ app_begin ] --END-- [ RunTime:0.002000s ]
SQL: SHOW COLUMNS FROM `arole` [ RunTime:0.0010s ]
SQL: SELECT COUNT(*) AS tp_count FROM `arole` WHERE ( 1=1 ) LIMIT 1   [ RunTime:0.0000s ]
SQL: SELECT * FROM `arole` WHERE ( 1=1 ) ORDER BY id ASC LIMIT 2,2   [ RunTime:0.0010s ]
SQL: SHOW COLUMNS FROM `anode` [ RunTime:0.0010s ]
NOTIC: [8] Undefined index: mapping_order D:\wamp\www\web\ThinkPHP\Library\Think\Model\RelationModel.class.php 第 186 行.
NOTIC: [8] Undefined index: mapping_limit D:\wamp\www\web\ThinkPHP\Library\Think\Model\RelationModel.class.php 第 187 行.
SQL: SELECT b.mname,aname,status FROM arole_node AS a, anode AS b WHERE a.nid = b.id AND a. rid='7' [ RunTime:0.0000s ]
NOTIC: [8] Undefined index: mapping_order D:\wamp\www\web\ThinkPHP\Library\Think\Model\RelationModel.class.php 第 186 行.
NOTIC: [8] Undefined index: mapping_limit D:\wamp\www\web\ThinkPHP\Library\Think\Model\RelationModel.class.php 第 187 行.
SQL: SELECT b.mname,aname,status FROM arole_node AS a, anode AS b WHERE a.nid = b.id AND a. rid='11' [ RunTime:0.0000s ]
NOTIC: [2] Missing argument 1 for Think\PageAjax::show(), called in D:\wamp\www\web\Application\Admin\Controller\BoxController.class.php on line 43 and defined D:\wamp\www\web\ThinkPHP\Library\Think\PageAjax.class.php 第 77 行.
NOTIC: [8] Undefined variable: url_replace D:\wamp\www\web\ThinkPHP\Library\Think\PageAjax.class.php 第 84 行.
INFO: [ view_parse ] --START--
INFO: [ template_filter ] --START--
INFO: Run Behavior\ContentReplaceBehavior [ RunTime:0.000000s ]
INFO: [ template_filter ] --END-- [ RunTime:0.000000s ]
INFO: Run Behavior\ParseTemplateBehavior [ RunTime:0.018001s ]
INFO: [ view_parse ] --END-- [ RunTime:0.018001s ]
INFO: [ view_filter ] --START--
INFO: Run Behavior\WriteHtmlCacheBehavior [ RunTime:0.001000s ]
INFO: [ view_filter ] --END-- [ RunTime:0.001000s ]
INFO: [ app_end ] --START--
INFO: Run Behavior\ShowPageTraceBehavior [ RunTime:0.001000s ]
INFO: [ app_end ] --END-- [ RunTime:0.001000s ]

[ 2016-11-15T16:36:24+08:00 ] 127.0.0.1 /index.php/Admin/Box/node?keyword=&p=1
INFO: [ app_begin ] --START--
INFO: Run Behavior\ReadHtmlCacheBehavior [ RunTime:0.001000s ]
INFO: [ app_begin ] --END-- [ RunTime:0.001000s ]
SQL: SHOW COLUMNS FROM `anode` [ RunTime:0.0020s ]
SQL: SELECT COUNT(*) AS tp_count FROM `anode` WHERE ( 1=1 ) LIMIT 1   [ RunTime:0.0010s ]
SQL: SELECT * FROM `anode` WHERE ( 1=1 ) ORDER BY id ASC LIMIT 0,8   [ RunTime:0.0010s ]
NOTIC: [2] Missing argument 1 for Think\PageAjax::show(), called in D:\wamp\www\web\Application\Admin\Controller\BoxController.class.php on line 63 and defined D:\wamp\www\web\ThinkPHP\Library\Think\PageAjax.class.php 第 77 行.
NOTIC: [8] Undefined variable: url_replace D:\wamp\www\web\ThinkPHP\Library\Think\PageAjax.class.php 第 84 行.
INFO: [ view_parse ] --START--
INFO: [ template_filter ] --START--
INFO: Run Behavior\ContentReplaceBehavior [ RunTime:0.000000s ]
INFO: [ template_filter ] --END-- [ RunTime:0.001000s ]
INFO: Run Behavior\ParseTemplateBehavior [ RunTime:0.023002s ]
INFO: [ view_parse ] --END-- [ RunTime:0.024002s ]
INFO: [ view_filter ] --START--
INFO: Run Behavior\WriteHtmlCacheBehavior [ RunTime:0.001000s ]
INFO: [ view_filter ] --END-- [ RunTime:0.001000s ]
INFO: [ app_end ] --START--
INFO: Run Behavior\ShowPageTraceBehavior [ RunTime:0.001000s ]
INFO: [ app_end ] --END-- [ RunTime:0.002000s ]

[ 2016-11-15T16:36:26+08:00 ] 127.0.0.1 /index.php/Admin/Box/node?keyword=&p=2
INFO: [ app_begin ] --START--
INFO: Run Behavior\ReadHtmlCacheBehavior [ RunTime:0.001000s ]
INFO: [ app_begin ] --END-- [ RunTime:0.002000s ]
SQL: SHOW COLUMNS FROM `anode` [ RunTime:0.0230s ]
SQL: SELECT COUNT(*) AS tp_count FROM `anode` WHERE ( 1=1 ) LIMIT 1   [ RunTime:0.0000s ]
SQL: SELECT * FROM `anode` WHERE ( 1=1 ) ORDER BY id ASC LIMIT 8,8   [ RunTime:0.0000s ]
NOTIC: [2] Missing argument 1 for Think\PageAjax::show(), called in D:\wamp\www\web\Application\Admin\Controller\BoxController.class.php on line 63 and defined D:\wamp\www\web\ThinkPHP\Library\Think\PageAjax.class.php 第 77 行.
NOTIC: [8] Undefined variable: url_replace D:\wamp\www\web\ThinkPHP\Library\Think\PageAjax.class.php 第 84 行.
INFO: [ view_parse ] --START--
INFO: [ template_filter ] --START--
INFO: Run Behavior\ContentReplaceBehavior [ RunTime:0.001000s ]
INFO: [ template_filter ] --END-- [ RunTime:0.001000s ]
INFO: Run Behavior\ParseTemplateBehavior [ RunTime:0.016001s ]
INFO: [ view_parse ] --END-- [ RunTime:0.016001s ]
INFO: [ view_filter ] --START--
INFO: Run Behavior\WriteHtmlCacheBehavior [ RunTime:0.000000s ]
INFO: [ view_filter ] --END-- [ RunTime:0.001000s ]
INFO: [ app_end ] --START--
INFO: Run Behavior\ShowPageTraceBehavior [ RunTime:0.000000s ]
INFO: [ app_end ] --END-- [ RunTime:0.001000s ]

[ 2016-11-15T16:36:27+08:00 ] 127.0.0.1 /index.php/Admin/Box/node?keyword=&p=3
INFO: [ app_begin ] --START--
INFO: Run Behavior\ReadHtmlCacheBehavior [ RunTime:0.001000s ]
INFO: [ app_begin ] --END-- [ RunTime:0.001000s ]
SQL: SHOW COLUMNS FROM `anode` [ RunTime:0.0010s ]
SQL: SELECT COUNT(*) AS tp_count FROM `anode` WHERE ( 1=1 ) LIMIT 1   [ RunTime:0.0000s ]
SQL: SELECT * FROM `anode` WHERE ( 1=1 ) ORDER BY id ASC LIMIT 16,8   [ RunTime:0.0000s ]
NOTIC: [2] Missing argument 1 for Think\PageAjax::show(), called in D:\wamp\www\web\Application\Admin\Controller\BoxController.class.php on line 63 and defined D:\wamp\www\web\ThinkPHP\Library\Think\PageAjax.class.php 第 77 行.
NOTIC: [8] Undefined variable: url_replace D:\wamp\www\web\ThinkPHP\Library\Think\PageAjax.class.php 第 84 行.
INFO: [ view_parse ] --START--
INFO: [ template_filter ] --START--
INFO: Run Behavior\ContentReplaceBehavior [ RunTime:0.000000s ]
INFO: [ template_filter ] --END-- [ RunTime:0.002000s ]
INFO: Run Behavior\ParseTemplateBehavior [ RunTime:0.016001s ]
INFO: [ view_parse ] --END-- [ RunTime:0.017001s ]
INFO: [ view_filter ] --START--
INFO: Run Behavior\WriteHtmlCacheBehavior [ RunTime:0.000000s ]
INFO: [ view_filter ] --END-- [ RunTime:0.000000s ]
INFO: [ app_end ] --START--
INFO: Run Behavior\ShowPageTraceBehavior [ RunTime:0.001000s ]
INFO: [ app_end ] --END-- [ RunTime:0.001000s ]

[ 2016-11-15T16:36:28+08:00 ] 127.0.0.1 /index.php/Admin/Node/edit.html
INFO: [ app_begin ] --START--
INFO: Run Behavior\ReadHtmlCacheBehavior [ RunTime:0.000000s ]
INFO: [ app_begin ] --END-- [ RunTime:0.002000s ]
SQL: SHOW COLUMNS FROM `anode` [ RunTime:0.0010s ]
SQL: SELECT * FROM `anode` WHERE `id` = '19' LIMIT 1   [ RunTime:0.0010s ]

[ 2016-11-15T16:36:34+08:00 ] 127.0.0.1 /index.php/Admin/Box/node?keyword=
INFO: [ app_begin ] --START--
INFO: Run Behavior\ReadHtmlCacheBehavior [ RunTime:0.001000s ]
INFO: [ app_begin ] --END-- [ RunTime:0.001000s ]
SQL: SHOW COLUMNS FROM `anode` [ RunTime:0.0150s ]
SQL: SELECT COUNT(*) AS tp_count FROM `anode` WHERE ( 1=1 ) LIMIT 1   [ RunTime:0.0010s ]
NOTIC: [8] Undefined index: p D:\wamp\www\web\Application\Admin\Controller\BoxController.class.php 第 59 行.
SQL: SELECT * FROM `anode` WHERE ( 1=1 ) ORDER BY id ASC LIMIT 0,8   [ RunTime:0.0010s ]
NOTIC: [2] Missing argument 1 for Think\PageAjax::show(), called in D:\wamp\www\web\Application\Admin\Controller\BoxController.class.php on line 63 and defined D:\wamp\www\web\ThinkPHP\Library\Think\PageAjax.class.php 第 77 行.
NOTIC: [8] Undefined variable: url_replace D:\wamp\www\web\ThinkPHP\Library\Think\PageAjax.class.php 第 84 行.
INFO: [ view_parse ] --START--
INFO: [ template_filter ] --START--
INFO: Run Behavior\ContentReplaceBehavior [ RunTime:0.000000s ]
INFO: [ template_filter ] --END-- [ RunTime:0.001000s ]
INFO: Run Behavior\ParseTemplateBehavior [ RunTime:0.016000s ]
INFO: [ view_parse ] --END-- [ RunTime:0.016000s ]
INFO: [ view_filter ] --START--
INFO: Run Behavior\WriteHtmlCacheBehavior [ RunTime:0.001000s ]
INFO: [ view_filter ] --END-- [ RunTime:0.001000s ]
INFO: [ app_end ] --START--
INFO: Run Behavior\ShowPageTraceBehavior [ RunTime:0.001001s ]
INFO: [ app_end ] --END-- [ RunTime:0.001001s ]

[ 2016-11-15T16:36:41+08:00 ] 127.0.0.1 /index.php/Admin/Node/doadd.html
INFO: [ app_begin ] --START--
INFO: Run Behavior\ReadHtmlCacheBehavior [ RunTime:0.001001s ]
INFO: [ app_begin ] --END-- [ RunTime:0.001001s ]
SQL: SHOW COLUMNS FROM `anode` [ RunTime:0.0280s ]
NOTIC: [8] Undefined index: auto D:\wamp\www\web\ThinkPHP\Library\Think\Model.class.php 第 1128 行.
SQL: INSERT INTO `anode` (`name`,`mname`,`aname`,`status`) VALUES ('aa','aa','aa','1') [ RunTime:0.0210s ]
SQL: SELECT COUNT(*) AS tp_count FROM `anode` LIMIT 1   [ RunTime:0.0000s ]

[ 2016-11-15T16:36:42+08:00 ] 127.0.0.1 /index.php/Admin/Box/node?keyword=&p=3
INFO: [ app_begin ] --START--
INFO: Run Behavior\ReadHtmlCacheBehavior [ RunTime:0.001000s ]
INFO: [ app_begin ] --END-- [ RunTime:0.001000s ]
SQL: SHOW COLUMNS FROM `anode` [ RunTime:0.0010s ]
SQL: SELECT COUNT(*) AS tp_count FROM `anode` WHERE ( 1=1 ) LIMIT 1   [ RunTime:0.0010s ]
SQL: SELECT * FROM `anode` WHERE ( 1=1 ) ORDER BY id ASC LIMIT 16,8   [ RunTime:0.0000s ]
NOTIC: [2] Missing argument 1 for Think\PageAjax::show(), called in D:\wamp\www\web\Application\Admin\Controller\BoxController.class.php on line 63 and defined D:\wamp\www\web\ThinkPHP\Library\Think\PageAjax.class.php 第 77 行.
NOTIC: [8] Undefined variable: url_replace D:\wamp\www\web\ThinkPHP\Library\Think\PageAjax.class.php 第 84 行.
INFO: [ view_parse ] --START--
INFO: [ template_filter ] --START--
INFO: Run Behavior\ContentReplaceBehavior [ RunTime:0.001000s ]
INFO: [ template_filter ] --END-- [ RunTime:0.002000s ]
INFO: Run Behavior\ParseTemplateBehavior [ RunTime:0.018001s ]
INFO: [ view_parse ] --END-- [ RunTime:0.018001s ]
INFO: [ view_filter ] --START--
INFO: Run Behavior\WriteHtmlCacheBehavior [ RunTime:0.000000s ]
INFO: [ view_filter ] --END-- [ RunTime:0.000000s ]
INFO: [ app_end ] --START--
INFO: Run Behavior\ShowPageTraceBehavior [ RunTime:0.001000s ]
INFO: [ app_end ] --END-- [ RunTime:0.001000s ]

[ 2016-11-15T16:36:49+08:00 ] 127.0.0.1 /index.php/Admin/Node/edit.html
INFO: [ app_begin ] --START--
INFO: Run Behavior\ReadHtmlCacheBehavior [ RunTime:0.000000s ]
INFO: [ app_begin ] --END-- [ RunTime:0.002000s ]
SQL: SHOW COLUMNS FROM `anode` [ RunTime:0.0020s ]
SQL: SELECT * FROM `anode` WHERE `id` = '33' LIMIT 1   [ RunTime:0.0000s ]

[ 2016-11-15T16:36:52+08:00 ] 127.0.0.1 /index.php/Admin/Node/save.html
INFO: [ app_begin ] --START--
INFO: Run Behavior\ReadHtmlCacheBehavior [ RunTime:0.001000s ]
INFO: [ app_begin ] --END-- [ RunTime:0.001000s ]
SQL: SHOW COLUMNS FROM `anode` [ RunTime:0.0000s ]
SQL: SHOW COLUMNS FROM `anode` [ RunTime:0.0000s ]
NOTIC: [8] Undefined index: auto D:\wamp\www\web\ThinkPHP\Library\Think\Model.class.php 第 1128 行.
SQL: UPDATE `anode` SET `name`='aa',`mname`='aa',`aname`='dd',`status`='1' WHERE `id` = 33 [ RunTime:0.0010s ]
SQL: SELECT COUNT(*) AS tp_count FROM `anode` WHERE `id` < '33' LIMIT 1   [ RunTime:0.0000s ]
SQL: SELECT COUNT(*) AS tp_count FROM `anode` LIMIT 1   [ RunTime:0.0000s ]

[ 2016-11-15T16:36:53+08:00 ] 127.0.0.1 /index.php/Admin/Box/node?keyword=&p=3
INFO: [ app_begin ] --START--
INFO: Run Behavior\ReadHtmlCacheBehavior [ RunTime:0.000000s ]
INFO: [ app_begin ] --END-- [ RunTime:0.002000s ]
SQL: SHOW COLUMNS FROM `anode` [ RunTime:0.0190s ]
SQL: SELECT COUNT(*) AS tp_count FROM `anode` WHERE ( 1=1 ) LIMIT 1   [ RunTime:0.0000s ]
SQL: SELECT * FROM `anode` WHERE ( 1=1 ) ORDER BY id ASC LIMIT 16,8   [ RunTime:0.0010s ]
NOTIC: [2] Missing argument 1 for Think\PageAjax::show(), called in D:\wamp\www\web\Application\Admin\Controller\BoxController.class.php on line 63 and defined D:\wamp\www\web\ThinkPHP\Library\Think\PageAjax.class.php 第 77 行.
NOTIC: [8] Undefined variable: url_replace D:\wamp\www\web\ThinkPHP\Library\Think\PageAjax.class.php 第 84 行.
INFO: [ view_parse ] --START--
INFO: [ template_filter ] --START--
INFO: Run Behavior\ContentReplaceBehavior [ RunTime:0.000000s ]
INFO: [ template_filter ] --END-- [ RunTime:0.000000s ]
INFO: Run Behavior\ParseTemplateBehavior [ RunTime:0.018001s ]
INFO: [ view_parse ] --END-- [ RunTime:0.018001s ]
INFO: [ view_filter ] --START--
INFO: Run Behavior\WriteHtmlCacheBehavior [ RunTime:0.001000s ]
INFO: [ view_filter ] --END-- [ RunTime:0.001000s ]
INFO: [ app_end ] --START--
INFO: Run Behavior\ShowPageTraceBehavior [ RunTime:0.000000s ]
INFO: [ app_end ] --END-- [ RunTime:0.001000s ]

[ 2016-11-15T16:36:58+08:00 ] 127.0.0.1 /index.php/Admin/Node/delete.html
INFO: [ app_begin ] --START--
INFO: Run Behavior\ReadHtmlCacheBehavior [ RunTime:0.000000s ]
INFO: [ app_begin ] --END-- [ RunTime:0.001000s ]
SQL: SHOW COLUMNS FROM `anode` [ RunTime:0.0430s ]
SQL: DELETE FROM `anode` WHERE `id` = 33 [ RunTime:0.0320s ]
SQL: SHOW COLUMNS FROM `arole_node` [ RunTime:0.0010s ]
SQL: DELETE FROM `arole_node` WHERE `nid` = 33 [ RunTime:0.0000s ]
SQL: SELECT COUNT(*) AS tp_count FROM `anode` WHERE `id` < 33 LIMIT 1   [ RunTime:0.0130s ]
SQL: SELECT COUNT(*) AS tp_count FROM `anode` LIMIT 1   [ RunTime:0.0010s ]

[ 2016-11-15T16:36:58+08:00 ] 127.0.0.1 /index.php/Admin/Box/node?keyword=&p=3
INFO: [ app_begin ] --START--
INFO: Run Behavior\ReadHtmlCacheBehavior [ RunTime:0.007000s ]
INFO: [ app_begin ] --END-- [ RunTime:0.008000s ]
SQL: SHOW COLUMNS FROM `anode` [ RunTime:0.0100s ]
SQL: SELECT COUNT(*) AS tp_count FROM `anode` WHERE ( 1=1 ) LIMIT 1   [ RunTime:0.0000s ]
SQL: SELECT * FROM `anode` WHERE ( 1=1 ) ORDER BY id ASC LIMIT 16,8   [ RunTime:0.0010s ]
NOTIC: [2] Missing argument 1 for Think\PageAjax::show(), called in D:\wamp\www\web\Application\Admin\Controller\BoxController.class.php on line 63 and defined D:\wamp\www\web\ThinkPHP\Library\Think\PageAjax.class.php 第 77 行.
NOTIC: [8] Undefined variable: url_replace D:\wamp\www\web\ThinkPHP\Library\Think\PageAjax.class.php 第 84 行.
INFO: [ view_parse ] --START--
INFO: [ template_filter ] --START--
INFO: Run Behavior\ContentReplaceBehavior [ RunTime:0.000000s ]
INFO: [ template_filter ] --END-- [ RunTime:0.000000s ]
INFO: Run Behavior\ParseTemplateBehavior [ RunTime:0.016001s ]
INFO: [ view_parse ] --END-- [ RunTime:0.017001s ]
INFO: [ view_filter ] --START--
INFO: Run Behavior\WriteHtmlCacheBehavior [ RunTime:0.000000s ]
INFO: [ view_filter ] --END-- [ RunTime:0.000000s ]
INFO: [ app_end ] --START--
INFO: Run Behavior\ShowPageTraceBehavior [ RunTime:0.001000s ]
INFO: [ app_end ] --END-- [ RunTime:0.001000s ]

[ 2016-11-15T16:37:04+08:00 ] 127.0.0.1 /index.php/Admin/Box/category?keyword=&p=1
INFO: [ app_begin ] --START--
INFO: Run Behavior\ReadHtmlCacheBehavior [ RunTime:0.001000s ]
INFO: [ app_begin ] --END-- [ RunTime:0.002000s ]
SQL: SHOW COLUMNS FROM `category` [ RunTime:0.0040s ]
SQL: SELECT COUNT(*) AS tp_count FROM `category` WHERE ( 1=1 ) LIMIT 1   [ RunTime:0.0020s ]
SQL: SELECT * FROM `category`  [ RunTime:0.0000s ]
NOTIC: [2] Missing argument 1 for Think\PageAjax::show(), called in D:\wamp\www\web\Application\Admin\Controller\BoxController.class.php on line 87 and defined D:\wamp\www\web\ThinkPHP\Library\Think\PageAjax.class.php 第 77 行.
NOTIC: [8] Undefined variable: url_replace D:\wamp\www\web\ThinkPHP\Library\Think\PageAjax.class.php 第 84 行.
INFO: [ view_parse ] --START--
INFO: [ template_filter ] --START--
INFO: Run Behavior\ContentReplaceBehavior [ RunTime:0.001000s ]
INFO: [ template_filter ] --END-- [ RunTime:0.001000s ]
INFO: Run Behavior\ParseTemplateBehavior [ RunTime:0.026002s ]
INFO: [ view_parse ] --END-- [ RunTime:0.027002s ]
INFO: [ view_filter ] --START--
INFO: Run Behavior\WriteHtmlCacheBehavior [ RunTime:0.000000s ]
INFO: [ view_filter ] --END-- [ RunTime:0.001000s ]
INFO: [ app_end ] --START--
INFO: Run Behavior\ShowPageTraceBehavior [ RunTime:0.001000s ]
INFO: [ app_end ] --END-- [ RunTime:0.001000s ]

[ 2016-11-15T16:37:06+08:00 ] 127.0.0.1 /index.php/Admin/Box/category?keyword=&p=2
INFO: [ app_begin ] --START--
INFO: Run Behavior\ReadHtmlCacheBehavior [ RunTime:0.000000s ]
INFO: [ app_begin ] --END-- [ RunTime:0.002000s ]
SQL: SHOW COLUMNS FROM `category` [ RunTime:0.0020s ]
SQL: SELECT COUNT(*) AS tp_count FROM `category` WHERE ( 1=1 ) LIMIT 1   [ RunTime:0.0070s ]
SQL: SELECT * FROM `category`  [ RunTime:0.0010s ]
NOTIC: [2] Missing argument 1 for Think\PageAjax::show(), called in D:\wamp\www\web\Application\Admin\Controller\BoxController.class.php on line 87 and defined D:\wamp\www\web\ThinkPHP\Library\Think\PageAjax.class.php 第 77 行.
NOTIC: [8] Undefined variable: url_replace D:\wamp\www\web\ThinkPHP\Library\Think\PageAjax.class.php 第 84 行.
INFO: [ view_parse ] --START--
INFO: [ template_filter ] --START--
INFO: Run Behavior\ContentReplaceBehavior [ RunTime:0.000000s ]
INFO: [ template_filter ] --END-- [ RunTime:0.000000s ]
INFO: Run Behavior\ParseTemplateBehavior [ RunTime:0.017001s ]
INFO: [ view_parse ] --END-- [ RunTime:0.017001s ]
INFO: [ view_filter ] --START--
INFO: Run Behavior\WriteHtmlCacheBehavior [ RunTime:0.001001s ]
INFO: [ view_filter ] --END-- [ RunTime:0.001001s ]
INFO: [ app_end ] --START--
INFO: Run Behavior\ShowPageTraceBehavior [ RunTime:0.000000s ]
INFO: [ app_end ] --END-- [ RunTime:0.002000s ]

[ 2016-11-15T16:37:07+08:00 ] 127.0.0.1 /index.php/Admin/Box/category?keyword=&p=3
INFO: [ app_begin ] --START--
INFO: Run Behavior\ReadHtmlCacheBehavior [ RunTime:0.001000s ]
INFO: [ app_begin ] --END-- [ RunTime:0.001000s ]
SQL: SHOW COLUMNS FROM `category` [ RunTime:0.0200s ]
SQL: SELECT COUNT(*) AS tp_count FROM `category` WHERE ( 1=1 ) LIMIT 1   [ RunTime:0.0000s ]
SQL: SELECT * FROM `category`  [ RunTime:0.0000s ]
NOTIC: [2] Missing argument 1 for Think\PageAjax::show(), called in D:\wamp\www\web\Application\Admin\Controller\BoxController.class.php on line 87 and defined D:\wamp\www\web\ThinkPHP\Library\Think\PageAjax.class.php 第 77 行.
NOTIC: [8] Undefined variable: url_replace D:\wamp\www\web\ThinkPHP\Library\Think\PageAjax.class.php 第 84 行.
INFO: [ view_parse ] --START--
INFO: [ template_filter ] --START--
INFO: Run Behavior\ContentReplaceBehavior [ RunTime:0.001000s ]
INFO: [ template_filter ] --END-- [ RunTime:0.001000s ]
INFO: Run Behavior\ParseTemplateBehavior [ RunTime:0.017001s ]
INFO: [ view_parse ] --END-- [ RunTime:0.017001s ]
INFO: [ view_filter ] --START--
INFO: Run Behavior\WriteHtmlCacheBehavior [ RunTime:0.000000s ]
INFO: [ view_filter ] --END-- [ RunTime:0.001000s ]
INFO: [ app_end ] --START--
INFO: Run Behavior\ShowPageTraceBehavior [ RunTime:0.001000s ]
INFO: [ app_end ] --END-- [ RunTime:0.001000s ]

[ 2016-11-15T16:37:08+08:00 ] 127.0.0.1 /index.php/Admin/Box/category?keyword=&p=2
INFO: [ app_begin ] --START--
INFO: Run Behavior\ReadHtmlCacheBehavior [ RunTime:0.001000s ]
INFO: [ app_begin ] --END-- [ RunTime:0.001000s ]
SQL: SHOW COLUMNS FROM `category` [ RunTime:0.0290s ]
SQL: SELECT COUNT(*) AS tp_count FROM `category` WHERE ( 1=1 ) LIMIT 1   [ RunTime:0.0010s ]
SQL: SELECT * FROM `category`  [ RunTime:0.0010s ]
NOTIC: [2] Missing argument 1 for Think\PageAjax::show(), called in D:\wamp\www\web\Application\Admin\Controller\BoxController.class.php on line 87 and defined D:\wamp\www\web\ThinkPHP\Library\Think\PageAjax.class.php 第 77 行.
NOTIC: [8] Undefined variable: url_replace D:\wamp\www\web\ThinkPHP\Library\Think\PageAjax.class.php 第 84 行.
INFO: [ view_parse ] --START--
INFO: [ template_filter ] --START--
INFO: Run Behavior\ContentReplaceBehavior [ RunTime:0.000000s ]
INFO: [ template_filter ] --END-- [ RunTime:0.000000s ]
INFO: Run Behavior\ParseTemplateBehavior [ RunTime:0.018001s ]
INFO: [ view_parse ] --END-- [ RunTime:0.018001s ]
INFO: [ view_filter ] --START--
INFO: Run Behavior\WriteHtmlCacheBehavior [ RunTime:0.001001s ]
INFO: [ view_filter ] --END-- [ RunTime:0.001001s ]
INFO: [ app_end ] --START--
INFO: Run Behavior\ShowPageTraceBehavior [ RunTime:0.001000s ]
INFO: [ app_end ] --END-- [ RunTime:0.001000s ]

[ 2016-11-15T16:37:09+08:00 ] 127.0.0.1 /index.php/Admin/Box/category?keyword=&p=1
INFO: [ app_begin ] --START--
INFO: Run Behavior\ReadHtmlCacheBehavior [ RunTime:0.000000s ]
INFO: [ app_begin ] --END-- [ RunTime:0.002000s ]
SQL: SHOW COLUMNS FROM `category` [ RunTime:0.0030s ]
SQL: SELECT COUNT(*) AS tp_count FROM `category` WHERE ( 1=1 ) LIMIT 1   [ RunTime:0.0000s ]
SQL: SELECT * FROM `category`  [ RunTime:0.0000s ]
NOTIC: [2] Missing argument 1 for Think\PageAjax::show(), called in D:\wamp\www\web\Application\Admin\Controller\BoxController.class.php on line 87 and defined D:\wamp\www\web\ThinkPHP\Library\Think\PageAjax.class.php 第 77 行.
NOTIC: [8] Undefined variable: url_replace D:\wamp\www\web\ThinkPHP\Library\Think\PageAjax.class.php 第 84 行.
INFO: [ view_parse ] --START--
INFO: [ template_filter ] --START--
INFO: Run Behavior\ContentReplaceBehavior [ RunTime:0.001000s ]
INFO: [ template_filter ] --END-- [ RunTime:0.001000s ]
INFO: Run Behavior\ParseTemplateBehavior [ RunTime:0.017001s ]
INFO: [ view_parse ] --END-- [ RunTime:0.017001s ]
INFO: [ view_filter ] --START--
INFO: Run Behavior\WriteHtmlCacheBehavior [ RunTime:0.000000s ]
INFO: [ view_filter ] --END-- [ RunTime:0.000000s ]
INFO: [ app_end ] --START--
INFO: Run Behavior\ShowPageTraceBehavior [ RunTime:0.001000s ]
INFO: [ app_end ] --END-- [ RunTime:0.001000s ]

[ 2016-11-15T16:37:11+08:00 ] 127.0.0.1 /index.php/Admin/Box/category?keyword=&p=2
INFO: [ app_begin ] --START--
INFO: Run Behavior\ReadHtmlCacheBehavior [ RunTime:0.001000s ]
INFO: [ app_begin ] --END-- [ RunTime:0.001000s ]
SQL: SHOW COLUMNS FROM `category` [ RunTime:0.0410s ]
SQL: SELECT COUNT(*) AS tp_count FROM `category` WHERE ( 1=1 ) LIMIT 1   [ RunTime:0.0000s ]
SQL: SELECT * FROM `category`  [ RunTime:0.0000s ]
NOTIC: [2] Missing argument 1 for Think\PageAjax::show(), called in D:\wamp\www\web\Application\Admin\Controller\BoxController.class.php on line 87 and defined D:\wamp\www\web\ThinkPHP\Library\Think\PageAjax.class.php 第 77 行.
NOTIC: [8] Undefined variable: url_replace D:\wamp\www\web\ThinkPHP\Library\Think\PageAjax.class.php 第 84 行.
INFO: [ view_parse ] --START--
INFO: [ template_filter ] --START--
INFO: Run Behavior\ContentReplaceBehavior [ RunTime:0.000000s ]
INFO: [ template_filter ] --END-- [ RunTime:0.000000s ]
INFO: Run Behavior\ParseTemplateBehavior [ RunTime:0.019001s ]
INFO: [ view_parse ] --END-- [ RunTime:0.019001s ]
INFO: [ view_filter ] --START--
INFO: Run Behavior\WriteHtmlCacheBehavior [ RunTime:0.001000s ]
INFO: [ view_filter ] --END-- [ RunTime:0.001000s ]
INFO: [ app_end ] --START--
INFO: Run Behavior\ShowPageTraceBehavior [ RunTime:0.004001s ]
INFO: [ app_end ] --END-- [ RunTime:0.004001s ]

[ 2016-11-15T16:37:11+08:00 ] 127.0.0.1 /index.php/Admin/Box/category?keyword=&p=3
INFO: [ app_begin ] --START--
INFO: Run Behavior\ReadHtmlCacheBehavior [ RunTime:0.001000s ]
INFO: [ app_begin ] --END-- [ RunTime:0.001000s ]
SQL: SHOW COLUMNS FROM `category` [ RunTime:0.0780s ]
SQL: SELECT COUNT(*) AS tp_count FROM `category` WHERE ( 1=1 ) LIMIT 1   [ RunTime:0.0010s ]
SQL: SELECT * FROM `category`  [ RunTime:0.0020s ]
NOTIC: [2] Missing argument 1 for Think\PageAjax::show(), called in D:\wamp\www\web\Application\Admin\Controller\BoxController.class.php on line 87 and defined D:\wamp\www\web\ThinkPHP\Library\Think\PageAjax.class.php 第 77 行.
NOTIC: [8] Undefined variable: url_replace D:\wamp\www\web\ThinkPHP\Library\Think\PageAjax.class.php 第 84 行.
INFO: [ view_parse ] --START--
INFO: [ template_filter ] --START--
INFO: Run Behavior\ContentReplaceBehavior [ RunTime:0.000000s ]
INFO: [ template_filter ] --END-- [ RunTime:0.000000s ]
INFO: Run Behavior\ParseTemplateBehavior [ RunTime:0.026001s ]
INFO: [ view_parse ] --END-- [ RunTime:0.028002s ]
INFO: [ view_filter ] --START--
INFO: Run Behavior\WriteHtmlCacheBehavior [ RunTime:0.001000s ]
INFO: [ view_filter ] --END-- [ RunTime:0.001000s ]
INFO: [ app_end ] --START--
INFO: Run Behavior\ShowPageTraceBehavior [ RunTime:0.000000s ]
INFO: [ app_end ] --END-- [ RunTime:0.002000s ]

